#
# A fatal error has been detected by the Java Runtime Environment:
#
#  EXCEPTION_ACCESS_VIOLATION (0xc0000005) at pc=0x00000219074a6624, pid=13072, tid=9148
#
# JRE version: OpenJDK Runtime Environment (21.0.2+13) (build 21.0.2+13-58)
# Java VM: OpenJDK 64-Bit Server VM (21.0.2+13-58, mixed mode, sharing, tiered, compressed oops, compressed class ptrs, g1 gc, windows-amd64)
# Problematic frame:
# v  ~BufferBlob::MethodHandles adapters 0x00000219074a6624
#
# No core dump will be written. Minidumps are not enabled by default on client versions of Windows
#
# If you would like to submit a bug report, please visit:
#   https://bugreport.java.com/bugreport/crash.jsp
#

---------------  S U M M A R Y ------------

Command Line: -agentlib:jdwp=transport=dt_socket,address=127.0.0.1:9866,suspend=y,server=n -Dspring.output.ansi.enabled=always -javaagent:D:\develop\tools\idea230302\plugins\java\lib\rt\debugger-agent.jar=file:/C:/Users/code/AppData/Local/Temp/capture.props -Dfile.encoding=UTF-8 -Dsun.stdout.encoding=UTF-8 -Dsun.stderr.encoding=UTF-8 com.wxs.code.AppStarterApplication

Host: 13th Gen Intel(R) Core(TM) i7-13700, 24 cores, 31G,  Windows 10 , 64 bit Build 19041 (10.0.19041.3636)
Time: Wed Jul  3 10:02:30 2024  Windows 10 , 64 bit Build 19041 (10.0.19041.3636) elapsed time: 68.130799 seconds (0d 0h 1m 8s)

---------------  T H R E A D  ---------------

Current thread (0x00000219610ea4a0):  JavaThread "http-nio-28080-exec-4" daemon [_thread_in_Java, id=9148, stack(0x000000766c800000,0x000000766c900000) (1024K)]

Stack: [0x000000766c800000,0x000000766c900000],  sp=0x000000766c8fd188,  free space=1012k
Native frames: (J=compiled Java code, j=interpreted, Vv=VM code, C=native code)
C  0x00000219074a6624

The last pc belongs to _linkToVirtual (printed below).

siginfo: EXCEPTION_ACCESS_VIOLATION (0xc0000005), reading address 0x000002193072a98a


Registers:
RAX=0x000002190745969f, RBX=0x00000006066216b0, RCX=0x000000766c8fd190, RDX=0x0000000000000002
RSP=0x000000766c8fd188, RBP=0x000000766c8fd1d8, RSI=0x0000021966f0e628, RDI=0x000002196573a220
R8 =0x0000000000000004, R9 =0x0000000000000004, R10=0x000002193072a7c2, R11=0x0000000000000000
R12=0x0000000000000000, R13=0x000000766c8fd188, R14=0x000000766c8fd1f8, R15=0x00000219610ea4a0
RIP=0x00000219074a6624, EFLAGS=0x0000000000010202


Register to memory mapping:

RAX=0x000002190745969f is at code_begin+4639 in an Interpreter codelet
return entry points  [0x0000021907458480, 0x000002190745a550]  8400 bytes
RBX=0x00000006066216b0 is an oop: com.wxs.code.generate.controller.CodeGenerateController$$SpringCGLIB$$0 
{0x00000006066216b0} - klass: 'com/wxs/code/generate/controller/CodeGenerateController$$SpringCGLIB$$0'
 - ---- fields (total size 7 words):
 - 'jFinalViewResolver' 'Lcom/wxs/code/core/ext/spring/JFinalViewResolver;' @12  null (0x00000000)
 - 'codeSvc' 'Lcom/wxs/code/generate/service/CodeGenerateService;' @16  null (0x00000000)
 - private 'CGLIB$BOUND' 'Z' @20  false (0x00)
 - private 'CGLIB$CALLBACK_0' 'Lorg/springframework/cglib/proxy/MethodInterceptor;' @24  a 'org/springframework/aop/framework/CglibAopProxy$DynamicAdvisedInterceptor'{0x00000006066216e8} (0xc0cc42dd)
 - private 'CGLIB$CALLBACK_1' 'Lorg/springframework/cglib/proxy/MethodInterceptor;' @28  a 'org/springframework/aop/framework/CglibAopProxy$StaticUnadvisedInterceptor'{0x0000000606621a20} (0xc0cc4344)
 - private 'CGLIB$CALLBACK_2' 'Lorg/springframework/cglib/proxy/NoOp;' @32  a 'org/springframework/aop/framework/CglibAopProxy$SerializableNoOp'{0x0000000606621a30} (0xc0cc4346)
 - private 'CGLIB$CALLBACK_3' 'Lorg/springframework/cglib/proxy/Dispatcher;' @36  a 'org/springframework/aop/framework/CglibAopProxy$StaticDispatcher'{0x0000000606621a40} (0xc0cc4348)
 - private 'CGLIB$CALLBACK_4' 'Lorg/springframework/cglib/proxy/Dispatcher;' @40  a 'org/springframework/aop/framework/CglibAopProxy$AdvisedDispatcher'{0x0000000606621a50} (0xc0cc434a)
 - private 'CGLIB$CALLBACK_5' 'Lorg/springframework/cglib/proxy/MethodInterceptor;' @44  a 'org/springframework/aop/framework/CglibAopProxy$EqualsInterceptor'{0x0000000606621a60} (0xc0cc434c)
 - private 'CGLIB$CALLBACK_6' 'Lorg/springframework/cglib/proxy/MethodInterceptor;' @48  a 'org/springframework/aop/framework/CglibAopProxy$HashCodeInterceptor'{0x0000000606621a70} (0xc0cc434e)
RCX=0x000000766c8fd190 is pointing into the stack for thread: 0x00000219610ea4a0
RDX=0x0000000000000002 is an unknown value
RSP=0x000000766c8fd188 is pointing into the stack for thread: 0x00000219610ea4a0
RBP=0x000000766c8fd1d8 is pointing into the stack for thread: 0x00000219610ea4a0
RSI=0x0000021966f0e628 points into unknown readable memory: 0x800014004c393016 | 16 30 39 4c 00 14 00 80
RDI=0x000002196573a220 points into unknown readable memory: 0x0000001800000040 | 40 00 00 00 18 00 00 00
R8 =0x0000000000000004 is an unknown value
R9 =0x0000000000000004 is an unknown value
R10=0x000002193072a7c2 is an unknown value
R11=0x0 is null
R12=0x0 is null
R13=0x000000766c8fd188 is pointing into the stack for thread: 0x00000219610ea4a0
R14=0x000000766c8fd1f8 is pointing into the stack for thread: 0x00000219610ea4a0
R15=0x00000219610ea4a0 is a thread

Top of Stack: (sp=0x000000766c8fd188)
0x000000766c8fd188:   000002190745969f 000000766c8fd190
0x000000766c8fd198:   000002191872a7c2 0000000000000004
0x000000766c8fd1a8:   00000219180b18e8 000002195cd62470
0x000000766c8fd1b8:   0000000604494c40 00000219180b4438
0x000000766c8fd1c8:   000000766c8fd188 000000766c8fd200
0x000000766c8fd1d8:   000000060bbe1460 0000021908529beb
0x000000766c8fd1e8:   000000060bbe1310 00000006066216b0
0x000000766c8fd1f8:   000000060bbe1460 00000006066216b0
0x000000766c8fd208:   000000060bbe1630 000000060bbe15e0
0x000000766c8fd218:   00000006066216b0 0000021908529ae8
0x000000766c8fd228:   0000000000000246 000000060bbe1630
0x000000766c8fd238:   00000219085d6f5f 000000060bbe1658
0x000000766c8fd248:   00000006066216b0 0000000608243a30
0x000000766c8fd258:   00000006082439a8 000000060bbe1658
0x000000766c8fd268:   0000000000000000 00000006066216b0
0x000000766c8fd278:   00000006064f16f0 000000766c8fd280
0x000000766c8fd288:   000002195c86b36b 0000000000000003
0x000000766c8fd298:   000002195ce5cd78 00000006066216b0
0x000000766c8fd2a8:   0000000608243a30 0000000608243a30
0x000000766c8fd2b8:   0000000000000aae 000000766c8fd348
0x000000766c8fd2c8:   000002190746f6bc 00000219085d5c34
0x000000766c8fd2d8:   00000006080a1128 000000766c8fd358
0x000000766c8fd2e8:   000002190745969f 000002190745969f
0x000000766c8fd2f8:   0000000608243a30 00000006066216b0
0x000000766c8fd308:   00000006064f16f0 000000766c8fd310
0x000000766c8fd318:   000002195c77ee5f 0000000000000009
0x000000766c8fd328:   000002195ce59380 0000000000000000
0x000000766c8fd338:   00000006082439a8 000002195c77efc0
0x000000766c8fd348:   000000766c8fd2f8 000000766c8fd398
0x000000766c8fd358:   000000766c8fd3f0 000002190745969f
0x000000766c8fd368:   0000000000000000 0000000000000000
0x000000766c8fd378:   0000000000000000 0000000000000000 

Instructions: (pc=0x00000219074a6624)
0x00000219074a6524:   19 02 00 00 80 65 4a 07 19 02 00 00 00 76 4a 07
0x00000219074a6534:   19 02 00 00 70 65 4a 07 19 02 00 00 70 65 4a 07
0x00000219074a6544:   19 02 00 00 00 00 00 00 00 00 00 00 d8 4f 87 64
0x00000219074a6554:   fb 7f 00 00 f0 10 00 00 60 00 00 00 ff ff ff ff
0x00000219074a6564:   f0 10 00 00 00 00 00 00 00 00 00 00 00 00 00 00
0x00000219074a6574:   00 00 00 00 00 00 00 00 00 00 00 00 f4 66 66 66
0x00000219074a6584:   0f 1f 84 00 00 00 00 00 66 66 66 90 66 66 66 0f
0x00000219074a6594:   1f 84 00 00 00 00 00 66 66 66 90 90 48 8b 53 08
0x00000219074a65a4:   0f b7 52 2e 48 8b 0c d4 8b 59 14 48 c1 e3 03 8b
0x00000219074a65b4:   5b 28 48 c1 e3 03 8b 5b 24 48 c1 e3 03 48 8b 5b
0x00000219074a65c4:   10 48 85 db 0f 84 10 00 00 00 41 80 bf e0 05 00
0x00000219074a65d4:   00 00 74 03 ff 63 38 ff 63 50 e9 1d c0 fd ff 66
0x00000219074a65e4:   66 66 0f 1f 84 00 00 00 00 00 66 66 66 90 66 66
0x00000219074a65f4:   0f 1f 84 00 00 00 00 00 66 66 66 90 48 8b 53 08
0x00000219074a6604:   0f b7 52 2e 48 8b 0c d4 58 5b 50 44 8b 51 08 49
0x00000219074a6614:   bb 00 00 00 18 19 02 00 00 4d 03 d3 4c 8b 5b 10
0x00000219074a6624:   4b 8b 9c da c8 01 00 00 48 85 db 0f 84 10 00 00
0x00000219074a6634:   00 41 80 bf e0 05 00 00 00 74 03 ff 63 38 ff 63
0x00000219074a6644:   50 e9 b6 bf fd ff 66 66 66 0f 1f 84 00 00 00 00
0x00000219074a6654:   00 66 66 66 90 0f 1f 80 00 00 00 00 58 5b 50 8b
0x00000219074a6664:   5b 24 48 c1 e3 03 48 8b 5b 10 48 85 db 0f 84 10
0x00000219074a6674:   00 00 00 41 80 bf e0 05 00 00 00 74 03 ff 63 38
0x00000219074a6684:   ff 63 50 e9 74 bf fd ff 66 66 66 0f 1f 84 00 00
0x00000219074a6694:   00 00 00 66 66 66 90 0f 1f 44 00 00 48 8b 53 08
0x00000219074a66a4:   0f b7 52 2e 48 8b 0c d4 58 5b 50 48 3b 01 8b 5b
0x00000219074a66b4:   24 48 c1 e3 03 48 8b 5b 10 48 85 db 0f 84 10 00
0x00000219074a66c4:   00 00 41 80 bf e0 05 00 00 00 74 03 ff 63 38 ff
0x00000219074a66d4:   63 50 e9 25 bf fd ff 0f 1f 44 00 00 48 8b 53 08
0x00000219074a66e4:   0f b7 52 2e 48 8b 0c d4 58 5b 50 44 8b 51 08 49
0x00000219074a66f4:   bb 00 00 00 18 19 02 00 00 4d 03 d3 8b 43 18 48
0x00000219074a6704:   c1 e0 03 48 8b 40 10 48 8b 5b 10 45 8b 9a a0 00
0x00000219074a6714:   00 00 4f 8d 9c da c8 01 00 00 4d 8d 14 da 49 8b 


Stack slot to memory mapping:

stack at sp + 0 slots: 0x000002190745969f is at code_begin+4639 in an Interpreter codelet
return entry points  [0x0000021907458480, 0x000002190745a550]  8400 bytes
stack at sp + 1 slots: 0x000000766c8fd190 is pointing into the stack for thread: 0x00000219610ea4a0
stack at sp + 2 slots: 0x000002191872a7c2 is pointing into metadata
stack at sp + 3 slots: 0x0000000000000004 is an unknown value
stack at sp + 4 slots: 0x00000219180b18e8 is pointing into metadata
stack at sp + 5 slots: 0x000002195cd62470 is pointing into metadata
stack at sp + 6 slots: 0x0000000604494c40 is an oop: java.lang.Class 
{0x0000000604494c40} - klass: 'java/lang/Class'
 - ---- fields (total size 14 words):
 - private volatile transient 'classRedefinedCount' 'I' @12  0 (0x00000000)
 - injected 'klass' 'J' @16  2306800817336 (0x00000219180b14b8)
 - injected 'array_klass' 'J' @24  0 (0x0000000000000000)
 - injected 'oop_size' 'I' @32  14 (0x0000000e)
 - injected 'static_oop_field_count' 'I' @36  0 (0x00000000)
 - private volatile transient 'cachedConstructor' 'Ljava/lang/reflect/Constructor;' @40  null (0x00000000)
 - private transient 'name' 'Ljava/lang/String;' @44  "java.lang.invoke.DirectMethodHandle$Holder"{0x000000060445d330} (0xc088ba66)
 - private transient 'module' 'Ljava/lang/Module;' @48  a 'java/lang/Module'{0x000000060448bbd0} (0xc089177a)
 - private final 'classLoader' 'Ljava/lang/ClassLoader;' @52  null (0x00000000)
 - private transient 'classData' 'Ljava/lang/Object;' @56  null (0x00000000)
 - private transient 'packageName' 'Ljava/lang/String;' @60  null (0x00000000)
 - private final 'componentType' 'Ljava/lang/Class;' @64  null (0x00000000)
 - private volatile transient 'reflectionData' 'Ljava/lang/ref/SoftReference;' @68  null (0x00000000)
 - private volatile transient 'genericInfo' 'Lsun/reflect/generics/repository/ClassRepository;' @72  null (0x00000000)
 - private volatile transient 'enumConstants' '[Ljava/lang/Object;' @76  null (0x00000000)
 - private volatile transient 'enumConstantDirectory' 'Ljava/util/Map;' @80  null (0x00000000)
 - private volatile transient 'annotationData' 'Ljava/lang/Class$AnnotationData;' @84  null (0x00000000)
 - private volatile transient 'annotationType' 'Lsun/reflect/annotation/AnnotationType;' @88  null (0x00000000)
 - transient 'classValueMap' 'Ljava/lang/ClassValue$ClassValueMap;' @92  null (0x00000000)
 - injected 'protection_domain' 'Ljava/lang/Object;' @96  null (0x00000000)
 - injected 'signers_name' 'Ljava/lang/Object;' @100  null (0x00000000)
 - injected 'source_file' 'Ljava/lang/Object;' @104  null (0x00000000)
 - signature: Ljava/lang/invoke/DirectMethodHandle$Holder;
 - ---- static fields (0):
stack at sp + 7 slots: {method} {0x00000219180b4440} 'invokeVirtual' '(Ljava/lang/Object;Ljava/lang/Object;)Ljava/lang/Object;' in 'java/lang/invoke/DirectMethodHandle$Holder'

MethodHandle::interpreter_entry::_linkToVirtual [0x00000219074a65e3, 0x00000219074a664a] (103 bytes)
[MachCode]
  0x00000219074a65e3: 6666 660f | 1f84 0000 | 0000 0066 | 6666 9066 | 660f 1f84 | 0000 0000 | 0066 6666 | 9048 8b53 
  0x00000219074a6603: 080f b752 | 2e48 8b0c | d458 5b50 | 448b 5108 | 49bb 0000 | 0018 1902 | 0000 4d03 | d34c 8b5b 
  0x00000219074a6623: 104b 8b9c | dac8 0100 | 0048 85db | 0f84 1000 | 0000 4180 | bfe0 0500 | 0000 7403 | ff63 38ff 
  0x00000219074a6643: 6350 e9b6 | 
[/MachCode]

---------------  P R O C E S S  ---------------

Threads class SMR info:
_java_thread_list=0x0000021981107fc0, length=88, elements={
0x000002197d0f8ec0, 0x000002197d0fadf0, 0x000002197d0fcdc0, 0x000002197d0ff830,
0x000002197d101450, 0x000002197d102490, 0x000002197d1033d0, 0x000002197d1191a0,
0x000002191753a5b0, 0x00000219175d3880, 0x00000219175e9b70, 0x00000219175eb230,
0x0000021917d8cf60, 0x000002195d5ad770, 0x000002195d494320, 0x00000219627d13d0,
0x000002196450b260, 0x0000021962f06a50, 0x0000021960b81840, 0x000002196a107e20,
0x000002196a1084b0, 0x000002196a108b40, 0x000002196a1091d0, 0x000002196a10a580,
0x000002196a109860, 0x000002196a109ef0, 0x000002196a10ac10, 0x000002196a10b2a0,
0x000002196060c0a0, 0x000002196060cdc0, 0x000002196060e170, 0x000002196060fbb0,
0x000002196060e800, 0x0000021960610240, 0x000002196060ee90, 0x000002196060f520,
0x00000219606115f0, 0x00000219606108d0, 0x000002196060d450, 0x000002196060c730,
0x000002196060dae0, 0x0000021960610f60, 0x000002196060a660, 0x000002196060acf0,
0x0000021960611c80, 0x000002196060b380, 0x000002196060ba10, 0x0000021969bde8b0,
0x0000021969be02f0, 0x0000021969bda080, 0x0000021969bdef40, 0x0000021969be16a0,
0x0000021969bddb90, 0x0000021969bdc150, 0x0000021969bde220, 0x0000021969bdd500,
0x0000021969bdc7e0, 0x0000021969bdbac0, 0x0000021969bdb430, 0x0000021969bda710,
0x0000021969bdf5d0, 0x0000021969bdfc60, 0x0000021969be0980, 0x0000021969bdada0,
0x0000021969be1010, 0x0000021969bdce70, 0x00000219610e4230, 0x00000219610e48c0,
0x00000219610e6990, 0x00000219610e55e0, 0x00000219610e5c70, 0x00000219610e6300,
0x00000219610ea4a0, 0x00000219610e7d40, 0x00000219610e3510, 0x00000219610e7020,
0x00000219610e9e10, 0x00000219610e83d0, 0x00000219610e8a60, 0x00000219610e9780,
0x00000219610eab30, 0x0000021964c3a790, 0x0000021964c3d580, 0x0000021964c3dc10,
0x0000021964c3c860, 0x0000021964c3ae20, 0x0000021964c3cef0, 0x0000021964c3b4b0
}

Java Threads: ( => current thread )
  0x000002197d0f8ec0 JavaThread "Reference Handler"          daemon [_thread_blocked, id=19560, stack(0x0000007665e00000,0x0000007665f00000) (1024K)]
  0x000002197d0fadf0 JavaThread "Finalizer"                  daemon [_thread_blocked, id=14672, stack(0x0000007665f00000,0x0000007666000000) (1024K)]
  0x000002197d0fcdc0 JavaThread "Signal Dispatcher"          daemon [_thread_blocked, id=17064, stack(0x0000007666000000,0x0000007666100000) (1024K)]
  0x000002197d0ff830 JavaThread "Attach Listener"            daemon [_thread_blocked, id=11160, stack(0x0000007666100000,0x0000007666200000) (1024K)]
  0x000002197d101450 JavaThread "Service Thread"             daemon [_thread_blocked, id=6244, stack(0x0000007666200000,0x0000007666300000) (1024K)]
  0x000002197d102490 JavaThread "Monitor Deflation Thread"   daemon [_thread_blocked, id=3012, stack(0x0000007666300000,0x0000007666400000) (1024K)]
  0x000002197d1033d0 JavaThread "C2 CompilerThread0"         daemon [_thread_blocked, id=26188, stack(0x0000007666400000,0x0000007666500000) (1024K)]
  0x000002197d1191a0 JavaThread "C1 CompilerThread0"         daemon [_thread_blocked, id=10812, stack(0x0000007666500000,0x0000007666600000) (1024K)]
  0x000002191753a5b0 JavaThread "Common-Cleaner"             daemon [_thread_blocked, id=14528, stack(0x0000007666700000,0x0000007666800000) (1024K)]
  0x00000219175d3880 JavaThread "JDWP Transport Listener: dt_socket" daemon [_thread_blocked, id=25268, stack(0x0000007666900000,0x0000007666a00000) (1024K)]
  0x00000219175e9b70 JavaThread "JDWP Event Helper Thread"   daemon [_thread_blocked, id=20056, stack(0x0000007666a00000,0x0000007666b00000) (1024K)]
  0x00000219175eb230 JavaThread "JDWP Command Reader"        daemon [_thread_in_native, id=20892, stack(0x0000007666b00000,0x0000007666c00000) (1024K)]
  0x0000021917d8cf60 JavaThread "ForkJoinPool-1-worker-2"    daemon [_thread_blocked, id=3128, stack(0x0000007667100000,0x0000007667200000) (1024K)]
  0x000002195d5ad770 JavaThread "ForkJoinPool-1-worker-3"    daemon [_thread_blocked, id=15092, stack(0x0000007667200000,0x0000007667300000) (1024K)]
  0x000002195d494320 JavaThread "Notification Thread"        daemon [_thread_blocked, id=2320, stack(0x0000007668200000,0x0000007668300000) (1024K)]
  0x00000219627d13d0 JavaThread "Catalina-utility-1"                [_thread_blocked, id=24152, stack(0x0000007668e00000,0x0000007668f00000) (1024K)]
  0x000002196450b260 JavaThread "Catalina-utility-2"                [_thread_blocked, id=25508, stack(0x0000007668f00000,0x0000007669000000) (1024K)]
  0x0000021962f06a50 JavaThread "container-0"                       [_thread_blocked, id=24984, stack(0x0000007669000000,0x0000007669100000) (1024K)]
  0x0000021960b81840 JavaThread "mysql-cj-abandoned-connection-cleanup" daemon [_thread_blocked, id=21592, stack(0x0000007669100000,0x0000007669200000) (1024K)]
  0x000002196a107e20 JavaThread "Jndi-Dns-address-change-listener" daemon [_thread_in_native, id=4876, stack(0x0000007669200000,0x0000007669300000) (1024K)]
  0x000002196a1084b0 JavaThread "redisson-netty-1-1"                [_thread_in_native, id=11736, stack(0x0000007668d00000,0x0000007668e00000) (1024K)]
  0x000002196a108b40 JavaThread "redisson-netty-1-2"                [_thread_in_native, id=7076, stack(0x0000007669300000,0x0000007669400000) (1024K)]
  0x000002196a1091d0 JavaThread "redisson-netty-1-3"                [_thread_in_native, id=18980, stack(0x0000007669400000,0x0000007669500000) (1024K)]
  0x000002196a10a580 JavaThread "redisson-timer-4-1"                [_thread_blocked, id=4496, stack(0x0000007669600000,0x0000007669700000) (1024K)]
  0x000002196a109860 JavaThread "redisson-netty-1-4"                [_thread_in_native, id=2380, stack(0x0000007669700000,0x0000007669800000) (1024K)]
  0x000002196a109ef0 JavaThread "redisson-netty-1-5"                [_thread_in_native, id=3812, stack(0x0000007669800000,0x0000007669900000) (1024K)]
  0x000002196a10ac10 JavaThread "redisson-netty-1-6"                [_thread_in_native, id=9772, stack(0x0000007669900000,0x0000007669a00000) (1024K)]
  0x000002196a10b2a0 JavaThread "redisson-3-1"                      [_thread_blocked, id=11812, stack(0x0000007669a00000,0x0000007669b00000) (1024K)]
  0x000002196060c0a0 JavaThread "redisson-netty-1-7"                [_thread_in_native, id=8892, stack(0x0000007669b00000,0x0000007669c00000) (1024K)]
  0x000002196060cdc0 JavaThread "redisson-netty-1-8"                [_thread_in_native, id=5972, stack(0x0000007669c00000,0x0000007669d00000) (1024K)]
  0x000002196060e170 JavaThread "redisson-3-2"                      [_thread_blocked, id=1096, stack(0x0000007669d00000,0x0000007669e00000) (1024K)]
  0x000002196060fbb0 JavaThread "redisson-netty-1-9"                [_thread_in_native, id=20972, stack(0x0000007669e00000,0x0000007669f00000) (1024K)]
  0x000002196060e800 JavaThread "redisson-netty-1-10"               [_thread_in_native, id=23428, stack(0x0000007669f00000,0x000000766a000000) (1024K)]
  0x0000021960610240 JavaThread "redisson-3-3"                      [_thread_blocked, id=23040, stack(0x000000766a000000,0x000000766a100000) (1024K)]
  0x000002196060ee90 JavaThread "redisson-netty-1-11"               [_thread_in_native, id=13828, stack(0x000000766a100000,0x000000766a200000) (1024K)]
  0x000002196060f520 JavaThread "redisson-netty-1-12"               [_thread_in_native, id=14112, stack(0x000000766a200000,0x000000766a300000) (1024K)]
  0x00000219606115f0 JavaThread "redisson-3-4"                      [_thread_blocked, id=17588, stack(0x000000766a300000,0x000000766a400000) (1024K)]
  0x00000219606108d0 JavaThread "redisson-netty-1-13"               [_thread_in_native, id=24212, stack(0x000000766a400000,0x000000766a500000) (1024K)]
  0x000002196060d450 JavaThread "redisson-netty-1-14"               [_thread_in_native, id=1812, stack(0x000000766a500000,0x000000766a600000) (1024K)]
  0x000002196060c730 JavaThread "redisson-3-5"                      [_thread_blocked, id=8792, stack(0x000000766a600000,0x000000766a700000) (1024K)]
  0x000002196060dae0 JavaThread "redisson-netty-1-15"               [_thread_in_native, id=12124, stack(0x000000766a700000,0x000000766a800000) (1024K)]
  0x0000021960610f60 JavaThread "redisson-netty-1-16"               [_thread_in_native, id=18768, stack(0x000000766a800000,0x000000766a900000) (1024K)]
  0x000002196060a660 JavaThread "redisson-3-6"                      [_thread_blocked, id=2944, stack(0x000000766a900000,0x000000766aa00000) (1024K)]
  0x000002196060acf0 JavaThread "redisson-netty-1-17"               [_thread_in_native, id=11700, stack(0x000000766aa00000,0x000000766ab00000) (1024K)]
  0x0000021960611c80 JavaThread "redisson-netty-1-18"               [_thread_in_native, id=6852, stack(0x000000766ab00000,0x000000766ac00000) (1024K)]
  0x000002196060b380 JavaThread "redisson-3-7"                      [_thread_blocked, id=23196, stack(0x000000766ac00000,0x000000766ad00000) (1024K)]
  0x000002196060ba10 JavaThread "redisson-netty-1-19"               [_thread_in_native, id=7876, stack(0x000000766ad00000,0x000000766ae00000) (1024K)]
  0x0000021969bde8b0 JavaThread "redisson-netty-1-20"               [_thread_in_native, id=25000, stack(0x000000766ae00000,0x000000766af00000) (1024K)]
  0x0000021969be02f0 JavaThread "redisson-3-8"                      [_thread_blocked, id=16540, stack(0x000000766af00000,0x000000766b000000) (1024K)]
  0x0000021969bda080 JavaThread "redisson-netty-1-21"               [_thread_in_native, id=22000, stack(0x000000766b000000,0x000000766b100000) (1024K)]
  0x0000021969bdef40 JavaThread "redisson-netty-1-22"               [_thread_in_native, id=23888, stack(0x000000766b100000,0x000000766b200000) (1024K)]
  0x0000021969be16a0 JavaThread "redisson-3-9"                      [_thread_blocked, id=25776, stack(0x000000766b200000,0x000000766b300000) (1024K)]
  0x0000021969bddb90 JavaThread "redisson-netty-1-23"               [_thread_in_native, id=1248, stack(0x000000766b300000,0x000000766b400000) (1024K)]
  0x0000021969bdc150 JavaThread "redisson-netty-1-24"               [_thread_in_native, id=13528, stack(0x000000766b400000,0x000000766b500000) (1024K)]
  0x0000021969bde220 JavaThread "redisson-3-10"                     [_thread_blocked, id=11292, stack(0x000000766b500000,0x000000766b600000) (1024K)]
  0x0000021969bdd500 JavaThread "redisson-netty-1-25"               [_thread_in_native, id=18716, stack(0x000000766b600000,0x000000766b700000) (1024K)]
  0x0000021969bdc7e0 JavaThread "redisson-netty-1-26"               [_thread_in_native, id=17724, stack(0x000000766b700000,0x000000766b800000) (1024K)]
  0x0000021969bdbac0 JavaThread "redisson-3-11"                     [_thread_blocked, id=19232, stack(0x000000766b800000,0x000000766b900000) (1024K)]
  0x0000021969bdb430 JavaThread "redisson-netty-1-27"               [_thread_in_native, id=10296, stack(0x000000766b900000,0x000000766ba00000) (1024K)]
  0x0000021969bda710 JavaThread "redisson-netty-1-28"               [_thread_in_native, id=19428, stack(0x0000007668c00000,0x0000007668d00000) (1024K)]
  0x0000021969bdf5d0 JavaThread "redisson-3-12"                     [_thread_blocked, id=4584, stack(0x000000766ba00000,0x000000766bb00000) (1024K)]
  0x0000021969bdfc60 JavaThread "redisson-netty-1-29"               [_thread_in_native, id=18772, stack(0x000000766bb00000,0x000000766bc00000) (1024K)]
  0x0000021969be0980 JavaThread "redisson-netty-1-30"               [_thread_in_native, id=11908, stack(0x000000766bc00000,0x000000766bd00000) (1024K)]
  0x0000021969bdada0 JavaThread "redisson-3-13"                     [_thread_blocked, id=10952, stack(0x000000766bd00000,0x000000766be00000) (1024K)]
  0x0000021969be1010 JavaThread "redisson-netty-1-31"               [_thread_in_native, id=10164, stack(0x000000766be00000,0x000000766bf00000) (1024K)]
  0x0000021969bdce70 JavaThread "redisson-3-14"                     [_thread_blocked, id=17044, stack(0x000000766bf00000,0x000000766c000000) (1024K)]
  0x00000219610e4230 JavaThread "redisson-netty-1-32"               [_thread_in_native, id=14740, stack(0x000000766c000000,0x000000766c100000) (1024K)]
  0x00000219610e48c0 JavaThread "redisson-3-15"                     [_thread_blocked, id=14296, stack(0x000000766c100000,0x000000766c200000) (1024K)]
  0x00000219610e6990 JavaThread "redisson-3-16"                     [_thread_blocked, id=19716, stack(0x000000766c200000,0x000000766c300000) (1024K)]
  0x00000219610e55e0 JavaThread "http-nio-28080-exec-1"      daemon [_thread_blocked, id=772, stack(0x000000766c500000,0x000000766c600000) (1024K)]
  0x00000219610e5c70 JavaThread "http-nio-28080-exec-2"      daemon [_thread_blocked, id=25192, stack(0x000000766c600000,0x000000766c700000) (1024K)]
  0x00000219610e6300 JavaThread "http-nio-28080-exec-3"      daemon [_thread_blocked, id=22136, stack(0x000000766c700000,0x000000766c800000) (1024K)]
=>0x00000219610ea4a0 JavaThread "http-nio-28080-exec-4"      daemon [_thread_in_Java, id=9148, stack(0x000000766c800000,0x000000766c900000) (1024K)]
  0x00000219610e7d40 JavaThread "http-nio-28080-exec-5"      daemon [_thread_blocked, id=18228, stack(0x000000766c900000,0x000000766ca00000) (1024K)]
  0x00000219610e3510 JavaThread "http-nio-28080-exec-6"      daemon [_thread_blocked, id=23524, stack(0x000000766ca00000,0x000000766cb00000) (1024K)]
  0x00000219610e7020 JavaThread "http-nio-28080-exec-7"      daemon [_thread_blocked, id=4036, stack(0x000000766cb00000,0x000000766cc00000) (1024K)]
  0x00000219610e9e10 JavaThread "http-nio-28080-exec-8"      daemon [_thread_blocked, id=6088, stack(0x000000766cc00000,0x000000766cd00000) (1024K)]
  0x00000219610e83d0 JavaThread "http-nio-28080-exec-9"      daemon [_thread_blocked, id=21132, stack(0x000000766cd00000,0x000000766ce00000) (1024K)]
  0x00000219610e8a60 JavaThread "http-nio-28080-exec-10"     daemon [_thread_blocked, id=21336, stack(0x000000766ce00000,0x000000766cf00000) (1024K)]
  0x00000219610e9780 JavaThread "http-nio-28080-Poller"      daemon [_thread_in_native, id=11272, stack(0x000000766cf00000,0x000000766d000000) (1024K)]
  0x00000219610eab30 JavaThread "http-nio-28080-Acceptor"    daemon [_thread_in_native, id=26596, stack(0x000000766d000000,0x000000766d100000) (1024K)]
  0x0000021964c3a790 JavaThread "DestroyJavaVM"                     [_thread_blocked, id=8348, stack(0x0000007665600000,0x0000007665700000) (1024K)]
  0x0000021964c3d580 JavaThread "ForkJoinPool.commonPool-worker-1" daemon [_thread_blocked, id=23348, stack(0x0000007666d00000,0x0000007666e00000) (1024K)]
  0x0000021964c3dc10 JavaThread "ForkJoinPool.commonPool-worker-2" daemon [_thread_blocked, id=22828, stack(0x0000007666e00000,0x0000007666f00000) (1024K)]
  0x0000021964c3c860 JavaThread "ForkJoinPool.commonPool-worker-3" daemon [_thread_blocked, id=18176, stack(0x0000007667000000,0x0000007667100000) (1024K)]
  0x0000021964c3ae20 JavaThread "ForkJoinPool.commonPool-worker-4" daemon [_thread_blocked, id=21036, stack(0x0000007668500000,0x0000007668600000) (1024K)]
  0x0000021964c3cef0 JavaThread "ForkJoinPool.commonPool-worker-6" daemon [_thread_blocked, id=13516, stack(0x0000007668b00000,0x0000007668c00000) (1024K)]
  0x0000021964c3b4b0 JavaThread "ForkJoinPool.commonPool-worker-5" daemon [_thread_blocked, id=16532, stack(0x000000766c300000,0x000000766c400000) (1024K)]
Total: 88

Other Threads:
  0x000002197d0d8c90 VMThread "VM Thread"                           [id=20228, stack(0x0000007665d00000,0x0000007665e00000) (1024K)]
  0x00000219173d0f00 WatcherThread "VM Periodic Task Thread"        [id=6152, stack(0x0000007665c00000,0x0000007665d00000) (1024K)]
  0x000002197cf609a0 WorkerThread "GC Thread#0"                     [id=1132, stack(0x0000007665700000,0x0000007665800000) (1024K)]
  0x000002195d5ae560 WorkerThread "GC Thread#1"                     [id=21272, stack(0x0000007667300000,0x0000007667400000) (1024K)]
  0x000002195d5ae900 WorkerThread "GC Thread#2"                     [id=11936, stack(0x0000007667400000,0x0000007667500000) (1024K)]
  0x000002195d5aeca0 WorkerThread "GC Thread#3"                     [id=23932, stack(0x0000007667500000,0x0000007667600000) (1024K)]
  0x000002195d58b050 WorkerThread "GC Thread#4"                     [id=14008, stack(0x0000007667600000,0x0000007667700000) (1024K)]
  0x000002195d58b3f0 WorkerThread "GC Thread#5"                     [id=988, stack(0x0000007667700000,0x0000007667800000) (1024K)]
  0x000002195d58b790 WorkerThread "GC Thread#6"                     [id=23336, stack(0x0000007667800000,0x0000007667900000) (1024K)]
  0x000002195d479d10 WorkerThread "GC Thread#7"                     [id=14632, stack(0x0000007667900000,0x0000007667a00000) (1024K)]
  0x000002195d479970 WorkerThread "GC Thread#8"                     [id=26372, stack(0x0000007667a00000,0x0000007667b00000) (1024K)]
  0x000002195d47a0b0 WorkerThread "GC Thread#9"                     [id=2072, stack(0x0000007667b00000,0x0000007667c00000) (1024K)]
  0x000002195d4795d0 WorkerThread "GC Thread#10"                    [id=15644, stack(0x0000007667c00000,0x0000007667d00000) (1024K)]
  0x000002195d47a7f0 WorkerThread "GC Thread#11"                    [id=13876, stack(0x0000007667d00000,0x0000007667e00000) (1024K)]
  0x000002195d47ab90 WorkerThread "GC Thread#12"                    [id=11684, stack(0x0000007667e00000,0x0000007667f00000) (1024K)]
  0x000002195d47a450 WorkerThread "GC Thread#13"                    [id=6712, stack(0x0000007667f00000,0x0000007668000000) (1024K)]
  0x000002195d47af30 WorkerThread "GC Thread#14"                    [id=18172, stack(0x0000007668000000,0x0000007668100000) (1024K)]
  0x000002195dba9aa0 WorkerThread "GC Thread#15"                    [id=1808, stack(0x0000007666f00000,0x0000007667000000) (1024K)]
  0x000002195dbaacc0 WorkerThread "GC Thread#16"                    [id=5852, stack(0x0000007668300000,0x0000007668400000) (1024K)]
  0x000002195dba84e0 WorkerThread "GC Thread#17"                    [id=12196, stack(0x0000007668400000,0x0000007668500000) (1024K)]
  0x0000021971ca24e0 ConcurrentGCThread "G1 Main Marker"            [id=25492, stack(0x0000007665800000,0x0000007665900000) (1024K)]
  0x0000021971ca2fe0 WorkerThread "G1 Conc#0"                       [id=8544, stack(0x0000007665900000,0x0000007665a00000) (1024K)]
  0x000002195dbaa920 WorkerThread "G1 Conc#1"                       [id=4808, stack(0x0000007668600000,0x0000007668700000) (1024K)]
  0x000002195dba9e40 WorkerThread "G1 Conc#2"                       [id=6048, stack(0x0000007668700000,0x0000007668800000) (1024K)]
  0x000002195dba9700 WorkerThread "G1 Conc#3"                       [id=1612, stack(0x0000007668800000,0x0000007668900000) (1024K)]
  0x000002195dbabb40 WorkerThread "G1 Conc#4"                       [id=18088, stack(0x0000007668900000,0x0000007668a00000) (1024K)]
  0x000002197d0196e0 ConcurrentGCThread "G1 Refine#0"               [id=21892, stack(0x0000007665a00000,0x0000007665b00000) (1024K)]
  0x000002197d01a250 ConcurrentGCThread "G1 Service"                [id=24544, stack(0x0000007665b00000,0x0000007665c00000) (1024K)]
Total: 28

Threads with active compile tasks:
Total: 0

VM state: not at safepoint (normal execution)

VM Mutex/Monitor currently owned by a thread: None

Heap address: 0x0000000604000000, size: 8128 MB, Compressed Oops mode: Zero based, Oop shift amount: 3

CDS archive(s) mapped at: [0x0000021918000000-0x0000021918c90000-0x0000021918c90000), size 13172736, SharedBaseAddress: 0x0000021918000000, ArchiveRelocationMode: 1.
Compressed class space mapped at: 0x0000021919000000-0x0000021959000000, reserved size: 1073741824
Narrow klass base: 0x0000021918000000, Narrow klass shift: 0, Narrow klass range: 0x100000000

GC Precious Log:
 CardTable entry size: 512
 Card Set container configuration: InlinePtr #cards 4 size 8 Array Of Cards #cards 32 size 80 Howl #buckets 8 coarsen threshold 7372 Howl Bitmap #cards 1024 size 144 coarsen threshold 921 Card regions per heap region 1 cards per card region 8192
 CPUs: 24 total, 24 available
 Memory: 32509M
 Large Page Support: Disabled
 NUMA Support: Disabled
 Compressed Oops: Enabled (Zero based)
 Heap Region Size: 4M
 Heap Min Capacity: 8M
 Heap Initial Capacity: 508M
 Heap Max Capacity: 8128M
 Pre-touch: Disabled
 Parallel Workers: 18
 Concurrent Workers: 5
 Concurrent Refinement Workers: 18
 Periodic GC: Disabled

Heap:
 garbage-first heap   total 172032K, used 95325K [0x0000000604000000, 0x0000000800000000)
  region size 4096K, 16 young (65536K), 3 survivors (12288K)
 Metaspace       used 76833K, committed 77760K, reserved 1179648K
  class space    used 9560K, committed 9984K, reserved 1048576K

Heap Regions: E=young(eden), S=young(survivor), O=old, HS=humongous(starts), HC=humongous(continues), CS=collection set, F=free, TAMS=top-at-mark-start, PB=parsable bottom
|   0|0x0000000604000000, 0x0000000604400000, 0x0000000604400000|100%| O|  |TAMS 0x0000000604000000| PB 0x0000000604000000| Untracked 
|   1|0x0000000604400000, 0x0000000604800000, 0x0000000604800000|100%| O|  |TAMS 0x0000000604400000| PB 0x0000000604400000| Untracked 
|   2|0x0000000604800000, 0x0000000604934c00, 0x0000000604c00000| 30%| O|  |TAMS 0x0000000604800000| PB 0x0000000604800000| Untracked 
|   3|0x0000000604c00000, 0x0000000605000000, 0x0000000605000000|100%| O|  |TAMS 0x0000000604c00000| PB 0x0000000604c00000| Untracked 
|   4|0x0000000605000000, 0x0000000605400000, 0x0000000605400000|100%| O|  |TAMS 0x0000000605000000| PB 0x0000000605000000| Untracked 
|   5|0x0000000605400000, 0x0000000605800000, 0x0000000605800000|100%| O|  |TAMS 0x0000000605400000| PB 0x0000000605400000| Untracked 
|   6|0x0000000605800000, 0x0000000605c00000, 0x0000000605c00000|100%| O|  |TAMS 0x0000000605800000| PB 0x0000000605800000| Untracked 
|   7|0x0000000605c00000, 0x0000000606000000, 0x0000000606000000|100%| O|  |TAMS 0x0000000605c00000| PB 0x0000000605c00000| Untracked 
|   8|0x0000000606000000, 0x0000000606400000, 0x0000000606400000|100%| O|  |TAMS 0x0000000606000000| PB 0x0000000606000000| Untracked 
|   9|0x0000000606400000, 0x0000000606800000, 0x0000000606800000|100%| O|  |TAMS 0x0000000606400000| PB 0x0000000606400000| Untracked 
|  10|0x0000000606800000, 0x0000000606800000, 0x0000000606c00000|  0%| F|  |TAMS 0x0000000606800000| PB 0x0000000606800000| Untracked 
|  11|0x0000000606c00000, 0x0000000606c00000, 0x0000000607000000|  0%| F|  |TAMS 0x0000000606c00000| PB 0x0000000606c00000| Untracked 
|  12|0x0000000607000000, 0x0000000607000000, 0x0000000607400000|  0%| F|  |TAMS 0x0000000607000000| PB 0x0000000607000000| Untracked 
|  13|0x0000000607400000, 0x0000000607400000, 0x0000000607800000|  0%| F|  |TAMS 0x0000000607400000| PB 0x0000000607400000| Untracked 
|  14|0x0000000607800000, 0x0000000607be2ba0, 0x0000000607c00000| 97%| S|CS|TAMS 0x0000000607800000| PB 0x0000000607800000| Complete 
|  15|0x0000000607c00000, 0x0000000608000000, 0x0000000608000000|100%| S|CS|TAMS 0x0000000607c00000| PB 0x0000000607c00000| Complete 
|  16|0x0000000608000000, 0x0000000608400000, 0x0000000608400000|100%| S|CS|TAMS 0x0000000608000000| PB 0x0000000608000000| Complete 
|  17|0x0000000608400000, 0x0000000608400000, 0x0000000608800000|  0%| F|  |TAMS 0x0000000608400000| PB 0x0000000608400000| Untracked 
|  18|0x0000000608800000, 0x0000000608800000, 0x0000000608c00000|  0%| F|  |TAMS 0x0000000608800000| PB 0x0000000608800000| Untracked 
|  19|0x0000000608c00000, 0x0000000608c00000, 0x0000000609000000|  0%| F|  |TAMS 0x0000000608c00000| PB 0x0000000608c00000| Untracked 
|  20|0x0000000609000000, 0x0000000609000000, 0x0000000609400000|  0%| F|  |TAMS 0x0000000609000000| PB 0x0000000609000000| Untracked 
|  21|0x0000000609400000, 0x0000000609400000, 0x0000000609800000|  0%| F|  |TAMS 0x0000000609400000| PB 0x0000000609400000| Untracked 
|  22|0x0000000609800000, 0x0000000609800000, 0x0000000609c00000|  0%| F|  |TAMS 0x0000000609800000| PB 0x0000000609800000| Untracked 
|  23|0x0000000609c00000, 0x0000000609c00000, 0x000000060a000000|  0%| F|  |TAMS 0x0000000609c00000| PB 0x0000000609c00000| Untracked 
|  24|0x000000060a000000, 0x000000060a000000, 0x000000060a400000|  0%| F|  |TAMS 0x000000060a000000| PB 0x000000060a000000| Untracked 
|  25|0x000000060a400000, 0x000000060a400000, 0x000000060a800000|  0%| F|  |TAMS 0x000000060a400000| PB 0x000000060a400000| Untracked 
|  26|0x000000060a800000, 0x000000060a800000, 0x000000060ac00000|  0%| F|  |TAMS 0x000000060a800000| PB 0x000000060a800000| Untracked 
|  27|0x000000060ac00000, 0x000000060ac00000, 0x000000060b000000|  0%| F|  |TAMS 0x000000060ac00000| PB 0x000000060ac00000| Untracked 
|  28|0x000000060b000000, 0x000000060b000000, 0x000000060b400000|  0%| F|  |TAMS 0x000000060b000000| PB 0x000000060b000000| Untracked 
|  29|0x000000060b400000, 0x000000060b661b80, 0x000000060b800000| 59%| E|  |TAMS 0x000000060b400000| PB 0x000000060b400000| Complete 
|  30|0x000000060b800000, 0x000000060bc00000, 0x000000060bc00000|100%| E|CS|TAMS 0x000000060b800000| PB 0x000000060b800000| Complete 
|  31|0x000000060bc00000, 0x000000060c000000, 0x000000060c000000|100%| E|  |TAMS 0x000000060bc00000| PB 0x000000060bc00000| Complete 
|  32|0x000000060c000000, 0x000000060c400000, 0x000000060c400000|100%| E|CS|TAMS 0x000000060c000000| PB 0x000000060c000000| Complete 
|  33|0x000000060c400000, 0x000000060c800000, 0x000000060c800000|100%| E|CS|TAMS 0x000000060c400000| PB 0x000000060c400000| Complete 
|  34|0x000000060c800000, 0x000000060cc00000, 0x000000060cc00000|100%| E|CS|TAMS 0x000000060c800000| PB 0x000000060c800000| Complete 
|  35|0x000000060cc00000, 0x000000060d000000, 0x000000060d000000|100%| E|CS|TAMS 0x000000060cc00000| PB 0x000000060cc00000| Complete 
|  36|0x000000060d000000, 0x000000060d400000, 0x000000060d400000|100%| E|CS|TAMS 0x000000060d000000| PB 0x000000060d000000| Complete 
|  47|0x000000060fc00000, 0x0000000610000000, 0x0000000610000000|100%| E|CS|TAMS 0x000000060fc00000| PB 0x000000060fc00000| Complete 
|  48|0x0000000610000000, 0x0000000610400000, 0x0000000610400000|100%| E|CS|TAMS 0x0000000610000000| PB 0x0000000610000000| Complete 
|  49|0x0000000610400000, 0x0000000610800000, 0x0000000610800000|100%| E|CS|TAMS 0x0000000610400000| PB 0x0000000610400000| Complete 
|  50|0x0000000610800000, 0x0000000610c00000, 0x0000000610c00000|100%| E|CS|TAMS 0x0000000610800000| PB 0x0000000610800000| Complete 
| 126|0x0000000623800000, 0x0000000623c00000, 0x0000000623c00000|100%| E|CS|TAMS 0x0000000623800000| PB 0x0000000623800000| Complete 

Card table byte_map: [0x000002197be30000,0x000002197ce10000] _byte_map_base: 0x0000021978e10000

Marking Bits: (CMBitMap*) 0x0000021971c91c50
 Bits: [0x000002190f000000, 0x0000021916f00000)

Polling page: 0x000002196f7d0000

Metaspace:

Usage:
  Non-class:     65.70 MB used.
      Class:      9.34 MB used.
       Both:     75.03 MB used.

Virtual space:
  Non-class space:      128.00 MB reserved,      66.19 MB ( 52%) committed,  2 nodes.
      Class space:        1.00 GB reserved,       9.75 MB ( <1%) committed,  1 nodes.
             Both:        1.12 GB reserved,      75.94 MB (  7%) committed. 

Chunk freelists:
   Non-Class:  13.58 MB
       Class:  6.08 MB
        Both:  19.66 MB

MaxMetaspaceSize: unlimited
CompressedClassSpaceSize: 1.00 GB
Initial GC threshold: 21.00 MB
Current GC threshold: 98.69 MB
CDS: on
 - commit_granule_bytes: 65536.
 - commit_granule_words: 8192.
 - virtual_space_node_default_size: 8388608.
 - enlarge_chunks_in_place: 1.
 - use_allocation_guard: 0.


Internal statistics:

num_allocs_failed_limit: 9.
num_arena_births: 1432.
num_arena_deaths: 0.
num_vsnodes_births: 3.
num_vsnodes_deaths: 0.
num_space_committed: 1215.
num_space_uncommitted: 0.
num_chunks_returned_to_freelist: 9.
num_chunks_taken_from_freelist: 4243.
num_chunk_merges: 9.
num_chunk_splits: 2951.
num_chunks_enlarged: 2128.
num_inconsistent_stats: 0.

CodeHeap 'non-profiled nmethods': size=119168Kb used=11561Kb max_used=11561Kb free=107606Kb
 bounds [0x0000021907ba0000, 0x00000219086f0000, 0x000002190f000000]
CodeHeap 'profiled nmethods': size=119104Kb used=24830Kb max_used=24830Kb free=94273Kb
 bounds [0x0000021900000000, 0x0000021901840000, 0x0000021907450000]
CodeHeap 'non-nmethods': size=7488Kb used=1759Kb max_used=3512Kb free=5728Kb
 bounds [0x0000021907450000, 0x00000219077d0000, 0x0000021907ba0000]
 total_blobs=11635 nmethods=10906 adapters=631
 compilation: enabled
              stopped_count=0, restarted_count=0
 full_count=0

Compilation events (20 events):
Event: 68.127 Thread 0x000002197d1191a0 nmethod 11663 0x000002190182f710 code [0x000002190182f8e0, 0x000002190182fb68]
Event: 68.127 Thread 0x000002197d1191a0 11664       1       org.redisson.client.RedisClientConfig::getPingConnectionInterval (5 bytes)
Event: 68.127 Thread 0x000002197d1191a0 nmethod 11664 0x00000219086e7390 code [0x00000219086e7520, 0x00000219086e75e8]
Event: 68.127 Thread 0x000002197d1191a0 11665       1       org.apache.catalina.util.LifecycleBase::getState (5 bytes)
Event: 68.127 Thread 0x000002197d1191a0 nmethod 11665 0x00000219086e7690 code [0x00000219086e7820, 0x00000219086e78f0]
Event: 68.127 Thread 0x000002197d1191a0 11666       1       io.netty.util.HashedWheelTimer::access$1100 (5 bytes)
Event: 68.127 Thread 0x000002197d1191a0 nmethod 11666 0x00000219086e7990 code [0x00000219086e7b20, 0x00000219086e7bd0]
Event: 68.127 Thread 0x000002197d1191a0 11667       1       org.redisson.client.RedisClient::getTimer (5 bytes)
Event: 68.127 Thread 0x000002197d1191a0 nmethod 11667 0x00000219086e7c90 code [0x00000219086e7e20, 0x00000219086e7ef0]
Event: 68.127 Thread 0x000002197d1191a0 11671       3       io.netty.channel.AbstractChannelHandlerContext::write (9 bytes)
Event: 68.127 Thread 0x000002197d1033d0 11668       4       io.netty.channel.AbstractChannelHandlerContext::channel (8 bytes)
Event: 68.127 Thread 0x000002197d1191a0 nmethod 11671 0x000002190182fc10 code [0x000002190182fdc0, 0x000002190182ff20]
Event: 68.127 Thread 0x000002197d1191a0 11670       3       io.netty.channel.AbstractChannelHandlerContext::writeAndFlush (9 bytes)
Event: 68.128 Thread 0x000002197d1191a0 nmethod 11670 0x0000021901830010 code [0x00000219018301c0, 0x0000021901830320]
Event: 68.128 Thread 0x000002197d1191a0 11672   !   3       io.netty.handler.codec.MessageToByteEncoder::write (157 bytes)
Event: 68.128 Thread 0x000002197d1033d0 nmethod 11668 0x00000219086e7f90 code [0x00000219086e8120, 0x00000219086e81d0]
Event: 68.128 Thread 0x000002197d1033d0 11669       4       io.netty.util.internal.ObjectUtil::checkNotNull (15 bytes)
Event: 68.128 Thread 0x000002197d1033d0 nmethod 11669 0x00000219086e8290 code [0x00000219086e8420, 0x00000219086e84a8]
Event: 68.129 Thread 0x000002197d1191a0 nmethod 11672 0x0000021901830410 code [0x00000219018308a0, 0x00000219018335a8]
Event: 68.129 Thread 0x000002197d1191a0 11674       3       io.netty.util.internal.shaded.org.jctools.queues.BaseMpscLinkedArrayQueue::relaxedPoll (83 bytes)

GC Heap History (20 events):
Event: 2.063 GC heap before
{Heap before GC invocations=4 (full 0):
 garbage-first heap   total 81920K, used 74778K [0x0000000604000000, 0x0000000800000000)
  region size 4096K, 17 young (69632K), 2 survivors (8192K)
 Metaspace       used 27417K, committed 27840K, reserved 1114112K
  class space    used 3424K, committed 3648K, reserved 1048576K
}
Event: 2.066 GC heap after
{Heap after GC invocations=5 (full 0):
 garbage-first heap   total 94208K, used 18179K [0x0000000604000000, 0x0000000800000000)
  region size 4096K, 3 young (12288K), 3 survivors (12288K)
 Metaspace       used 27417K, committed 27840K, reserved 1114112K
  class space    used 3424K, committed 3648K, reserved 1048576K
}
Event: 2.398 GC heap before
{Heap before GC invocations=5 (full 0):
 garbage-first heap   total 94208K, used 59139K [0x0000000604000000, 0x0000000800000000)
  region size 4096K, 13 young (53248K), 3 survivors (12288K)
 Metaspace       used 32038K, committed 32448K, reserved 1114112K
  class space    used 4001K, committed 4224K, reserved 1048576K
}
Event: 2.402 GC heap after
{Heap after GC invocations=6 (full 0):
 garbage-first heap   total 94208K, used 20173K [0x0000000604000000, 0x0000000800000000)
  region size 4096K, 1 young (4096K), 1 survivors (4096K)
 Metaspace       used 32038K, committed 32448K, reserved 1114112K
  class space    used 4001K, committed 4224K, reserved 1048576K
}
Event: 2.698 GC heap before
{Heap before GC invocations=6 (full 0):
 garbage-first heap   total 94208K, used 44749K [0x0000000604000000, 0x0000000800000000)
  region size 4096K, 8 young (32768K), 1 survivors (4096K)
 Metaspace       used 35726K, committed 36096K, reserved 1114112K
  class space    used 4432K, committed 4608K, reserved 1048576K
}
Event: 2.700 GC heap after
{Heap after GC invocations=7 (full 0):
 garbage-first heap   total 94208K, used 21375K [0x0000000604000000, 0x0000000800000000)
  region size 4096K, 1 young (4096K), 1 survivors (4096K)
 Metaspace       used 35726K, committed 36096K, reserved 1114112K
  class space    used 4432K, committed 4608K, reserved 1048576K
}
Event: 3.291 GC heap before
{Heap before GC invocations=8 (full 0):
 garbage-first heap   total 94208K, used 66431K [0x0000000604000000, 0x0000000800000000)
  region size 4096K, 13 young (53248K), 1 survivors (4096K)
 Metaspace       used 41969K, committed 42496K, reserved 1114112K
  class space    used 5426K, committed 5696K, reserved 1048576K
}
Event: 3.299 GC heap after
{Heap after GC invocations=9 (full 0):
 garbage-first heap   total 94208K, used 23606K [0x0000000604000000, 0x0000000800000000)
  region size 4096K, 2 young (8192K), 2 survivors (8192K)
 Metaspace       used 41969K, committed 42496K, reserved 1114112K
  class space    used 5426K, committed 5696K, reserved 1048576K
}
Event: 3.925 GC heap before
{Heap before GC invocations=9 (full 0):
 garbage-first heap   total 94208K, used 68662K [0x0000000604000000, 0x0000000800000000)
  region size 4096K, 13 young (53248K), 2 survivors (8192K)
 Metaspace       used 46121K, committed 46720K, reserved 1114112K
  class space    used 5952K, committed 6272K, reserved 1048576K
}
Event: 3.928 GC heap after
{Heap after GC invocations=10 (full 0):
 garbage-first heap   total 307200K, used 26090K [0x0000000604000000, 0x0000000800000000)
  region size 4096K, 2 young (8192K), 2 survivors (8192K)
 Metaspace       used 46121K, committed 46720K, reserved 1114112K
  class space    used 5952K, committed 6272K, reserved 1048576K
}
Event: 4.947 GC heap before
{Heap before GC invocations=10 (full 0):
 garbage-first heap   total 307200K, used 120298K [0x0000000604000000, 0x0000000800000000)
  region size 4096K, 26 young (106496K), 2 survivors (8192K)
 Metaspace       used 59887K, committed 60480K, reserved 1114112K
  class space    used 7558K, committed 7808K, reserved 1048576K
}
Event: 4.950 GC heap after
{Heap after GC invocations=11 (full 0):
 garbage-first heap   total 307200K, used 34148K [0x0000000604000000, 0x0000000800000000)
  region size 4096K, 4 young (16384K), 4 survivors (16384K)
 Metaspace       used 59887K, committed 60480K, reserved 1114112K
  class space    used 7558K, committed 7808K, reserved 1048576K
}
Event: 5.499 GC heap before
{Heap before GC invocations=12 (full 0):
 garbage-first heap   total 151552K, used 144740K [0x0000000604000000, 0x0000000800000000)
  region size 4096K, 31 young (126976K), 4 survivors (16384K)
 Metaspace       used 63250K, committed 63936K, reserved 1114112K
  class space    used 7938K, committed 8256K, reserved 1048576K
}
Event: 5.504 GC heap after
{Heap after GC invocations=13 (full 0):
 garbage-first heap   total 172032K, used 39084K [0x0000000604000000, 0x0000000800000000)
  region size 4096K, 5 young (20480K), 5 survivors (20480K)
 Metaspace       used 63250K, committed 63936K, reserved 1114112K
  class space    used 7938K, committed 8256K, reserved 1048576K
}
Event: 6.154 GC heap before
{Heap before GC invocations=13 (full 0):
 garbage-first heap   total 172032K, used 121004K [0x0000000604000000, 0x0000000800000000)
  region size 4096K, 25 young (102400K), 5 survivors (20480K)
 Metaspace       used 66079K, committed 66816K, reserved 1114112K
  class space    used 8294K, committed 8640K, reserved 1048576K
}
Event: 6.159 GC heap after
{Heap after GC invocations=14 (full 0):
 garbage-first heap   total 172032K, used 42968K [0x0000000604000000, 0x0000000800000000)
  region size 4096K, 3 young (12288K), 3 survivors (12288K)
 Metaspace       used 66079K, committed 66816K, reserved 1114112K
  class space    used 8294K, committed 8640K, reserved 1048576K
}
Event: 29.123 GC heap before
{Heap before GC invocations=14 (full 0):
 garbage-first heap   total 172032K, used 133080K [0x0000000604000000, 0x0000000800000000)
  region size 4096K, 25 young (102400K), 3 survivors (12288K)
 Metaspace       used 70170K, committed 70976K, reserved 1114112K
  class space    used 8827K, committed 9216K, reserved 1048576K
}
Event: 29.126 GC heap after
{Heap after GC invocations=15 (full 0):
 garbage-first heap   total 172032K, used 46837K [0x0000000604000000, 0x0000000800000000)
  region size 4096K, 3 young (12288K), 3 survivors (12288K)
 Metaspace       used 70170K, committed 70976K, reserved 1114112K
  class space    used 8827K, committed 9216K, reserved 1048576K
}
Event: 33.758 GC heap before
{Heap before GC invocations=15 (full 0):
 garbage-first heap   total 172032K, used 132853K [0x0000000604000000, 0x0000000800000000)
  region size 4096K, 25 young (102400K), 3 survivors (12288K)
 Metaspace       used 76273K, committed 77120K, reserved 1179648K
  class space    used 9512K, committed 9920K, reserved 1048576K
}
Event: 33.763 GC heap after
{Heap after GC invocations=16 (full 0):
 garbage-first heap   total 172032K, used 50269K [0x0000000604000000, 0x0000000800000000)
  region size 4096K, 3 young (12288K), 3 survivors (12288K)
 Metaspace       used 76273K, committed 77120K, reserved 1179648K
  class space    used 9512K, committed 9920K, reserved 1048576K
}

Dll operation events (13 events):
Event: 0.012 Loaded shared library D:\develop\envs\jdk\21\bin\java.dll
Event: 0.013 Loaded shared library D:\develop\envs\jdk\21\bin\zip.dll
Event: 0.032 Loaded shared library D:\develop\envs\jdk\21\bin\jsvml.dll
Event: 0.441 Loaded shared library D:\develop\envs\jdk\21\bin\instrument.dll
Event: 0.512 Loaded shared library D:\develop\envs\jdk\21\bin\net.dll
Event: 0.513 Loaded shared library D:\develop\envs\jdk\21\bin\nio.dll
Event: 0.514 Loaded shared library D:\develop\envs\jdk\21\bin\zip.dll
Event: 0.665 Loaded shared library D:\develop\envs\jdk\21\bin\jimage.dll
Event: 1.738 Loaded shared library D:\develop\envs\jdk\21\bin\sunmscapi.dll
Event: 3.115 Loaded shared library C:\Windows\System32\tcnative-1.dll
Event: 3.554 Loaded shared library D:\develop\envs\jdk\21\bin\management.dll
Event: 3.557 Loaded shared library D:\develop\envs\jdk\21\bin\management_ext.dll
Event: 4.654 Loaded shared library D:\develop\envs\jdk\21\bin\extnet.dll

Deoptimization events (20 events):
Event: 40.754 Thread 0x00000219610ea4a0 Uncommon trap: trap_request=0xffffff45 fr.pc=0x0000021907bc6b54 relative=0x00000000000004d4
Event: 40.754 Thread 0x00000219610ea4a0 Uncommon trap: reason=unstable_if action=reinterpret pc=0x0000021907bc6b54 method=java.util.jar.Manifest$FastInputStream.readLine([BII)I @ 106 c2
Event: 40.754 Thread 0x00000219610ea4a0 DEOPT PACKING pc=0x0000021907bc6b54 sp=0x000000766c8fac60
Event: 40.754 Thread 0x00000219610ea4a0 DEOPT UNPACKING pc=0x00000219074a46a2 sp=0x000000766c8fac00 mode 2
Event: 40.754 Thread 0x00000219610ea4a0 Uncommon trap: trap_request=0xffffffde fr.pc=0x00000219080a1f84 relative=0x0000000000001724
Event: 40.754 Thread 0x00000219610ea4a0 Uncommon trap: reason=class_check action=maybe_recompile pc=0x00000219080a1f84 method=java.util.jar.JarFile.getManifestFromReference()Ljava/util/jar/Manifest; @ 152 c2
Event: 40.754 Thread 0x00000219610ea4a0 DEOPT PACKING pc=0x00000219080a1f84 sp=0x000000766c8fb010
Event: 40.754 Thread 0x00000219610ea4a0 DEOPT UNPACKING pc=0x00000219074a46a2 sp=0x000000766c8fafb0 mode 2
Event: 40.754 Thread 0x00000219610ea4a0 Uncommon trap: trap_request=0xffffff76 fr.pc=0x0000021907ee6cfc relative=0x000000000000343c
Event: 40.754 Thread 0x00000219610ea4a0 Uncommon trap: reason=predicate action=maybe_recompile pc=0x0000021907ee6cfc method=jdk.internal.loader.Resource.getBytes()[B @ 50 c2
Event: 40.754 Thread 0x00000219610ea4a0 DEOPT PACKING pc=0x0000021907ee6cfc sp=0x000000766c8faf50
Event: 40.754 Thread 0x00000219610ea4a0 DEOPT UNPACKING pc=0x00000219074a46a2 sp=0x000000766c8faf50 mode 2
Event: 56.405 Thread 0x00000219610ea4a0 DEOPT PACKING pc=0x0000021908552de8 sp=0x000000766c8fcae0
Event: 56.405 Thread 0x00000219610ea4a0 DEOPT UNPACKING pc=0x00000219074a4e42 sp=0x000000766c8fbf70 mode 1
Event: 56.405 Thread 0x00000219610ea4a0 DEOPT PACKING pc=0x0000021908529ae8 sp=0x000000766c8fcb20
Event: 56.405 Thread 0x00000219610ea4a0 DEOPT UNPACKING pc=0x00000219074a4e42 sp=0x000000766c8fbfa0 mode 1
Event: 56.405 Thread 0x00000219610ea4a0 DEOPT PACKING pc=0x00000219085d5c34 sp=0x000000766c8fcb60
Event: 56.405 Thread 0x00000219610ea4a0 DEOPT UNPACKING pc=0x00000219074a4e42 sp=0x000000766c8fbf08 mode 1
Event: 65.882 Thread 0x00000219610ea4a0 DEOPT PACKING pc=0x0000021908552de8 sp=0x000000766c8fd1c0
Event: 65.882 Thread 0x00000219610ea4a0 DEOPT UNPACKING pc=0x00000219074a4e42 sp=0x000000766c8fc648 mode 0

Classes loaded (20 events):
Event: 55.018 Loading class com/jfinal/template/Template
Event: 55.018 Loading class com/jfinal/template/Template done
Event: 55.019 Loading class com/jfinal/template/io/FastStringWriter
Event: 55.019 Loading class com/jfinal/template/io/FastStringWriter done
Event: 55.020 Loading class com/jfinal/template/io/Writer
Event: 55.020 Loading class com/jfinal/template/io/Writer done
Event: 55.021 Loading class com/jfinal/template/io/CharWriter
Event: 55.021 Loading class com/jfinal/template/io/CharWriter done
Event: 55.022 Loading class com/jfinal/template/io/ByteWriter
Event: 55.022 Loading class com/jfinal/template/io/ByteWriter done
Event: 55.023 Loading class com/jfinal/template/io/DateFormats
Event: 55.023 Loading class com/jfinal/template/io/DateFormats done
Event: 55.024 Loading class com/jfinal/template/stat/Scope
Event: 55.024 Loading class com/jfinal/template/stat/Scope done
Event: 55.025 Loading class com/jfinal/template/stat/Ctrl
Event: 55.025 Loading class com/jfinal/template/stat/Ctrl done
Event: 56.396 Loading class com/jfinal/template/source/ClassPathSource
Event: 56.396 Loading class com/jfinal/template/source/ClassPathSource done
Event: 56.405 Loading class java/lang/invoke/WrongMethodTypeException
Event: 56.405 Loading class java/lang/invoke/WrongMethodTypeException done

Classes unloaded (0 events):
No events

Classes redefined (0 events):
No events

Internal exceptions (20 events):
Event: 33.592 Thread 0x00000219610e8a60 Exception <a 'java/lang/ClassNotFoundException'{0x000000060a189a80}: java/lang/ObjectBeanInfo> (0x000000060a189a80) 
thrown [s\open\src\hotspot\share\classfile\systemDictionary.cpp, line 312]
Event: 33.593 Thread 0x00000219610e8a60 Exception <a 'java/lang/ClassNotFoundException'{0x000000060a18e2c8}: java/lang/ObjectCustomizer> (0x000000060a18e2c8) 
thrown [s\open\src\hotspot\share\classfile\systemDictionary.cpp, line 312]
Event: 33.603 Thread 0x00000219610e8a60 Exception <a 'java/lang/ClassNotFoundException'{0x000000060a1b2e40}: com/wxs/code/core/entity/BaseEntityCustomizer> (0x000000060a1b2e40) 
thrown [s\open\src\hotspot\share\classfile\systemDictionary.cpp, line 312]
Event: 33.604 Thread 0x00000219610e8a60 Exception <a 'java/lang/ClassNotFoundException'{0x000000060a1bd300}: com/wxs/code/entity/system/DTO/SysUserDTOCustomizer> (0x000000060a1bd300) 
thrown [s\open\src\hotspot\share\classfile\systemDictionary.cpp, line 312]
Event: 33.607 Thread 0x00000219610e8a60 Exception <a 'java/lang/NoSuchMethodError'{0x000000060a1d6950}: 'java.lang.Object java.lang.invoke.DirectMethodHandle$Holder.invokeStatic(java.lang.Object, java.lang.Object, java.lang.Object, java.lang.Object, int, java.lang.Object)'> (0x000000060a1d6950) 
thrown [s\open\src\hotspot\share\interpreter\linkResolver.cpp, line 773]
Event: 33.608 Thread 0x00000219610e8a60 Exception <a 'java/lang/NoSuchMethodError'{0x000000060a1de6a0}: 'java.lang.Object java.lang.invoke.DirectMethodHandle$Holder.newInvokeSpecial(java.lang.Object, java.lang.Object, java.lang.Object, java.lang.Object, int)'> (0x000000060a1de6a0) 
thrown [s\open\src\hotspot\share\interpreter\linkResolver.cpp, line 773]
Event: 33.608 Thread 0x00000219610e8a60 Exception <a 'java/lang/NoSuchMethodError'{0x000000060a1e2bb0}: 'java.lang.Object java.lang.invoke.DirectMethodHandle$Holder.invokeSpecial(java.lang.Object, java.lang.Object, java.lang.Object, java.lang.Object, java.lang.Object, int)'> (0x000000060a1e2bb0) 
thrown [s\open\src\hotspot\share\interpreter\linkResolver.cpp, line 773]
Event: 33.608 Thread 0x00000219610e8a60 Exception <a 'java/lang/NoSuchMethodError'{0x000000060a1e6dc0}: 'java.lang.Object java.lang.invoke.Invokers$Holder.linkToTargetMethod(java.lang.Object, java.lang.Object, java.lang.Object, int, java.lang.Object)'> (0x000000060a1e6dc0) 
thrown [s\open\src\hotspot\share\interpreter\linkResolver.cpp, line 773]
Event: 33.651 Thread 0x00000219610e8a60 Exception <a 'java/lang/ClassNotFoundException'{0x0000000609c449c0}: com/wxs/code/entity/system/SysUserBeanInfo> (0x0000000609c449c0) 
thrown [s\open\src\hotspot\share\classfile\systemDictionary.cpp, line 312]
Event: 33.653 Thread 0x00000219610e8a60 Exception <a 'java/lang/ClassNotFoundException'{0x0000000609c4c588}: com/wxs/code/core/entity/CoreEntityBeanInfo> (0x0000000609c4c588) 
thrown [s\open\src\hotspot\share\classfile\systemDictionary.cpp, line 312]
Event: 33.654 Thread 0x00000219610e8a60 Exception <a 'java/lang/ClassNotFoundException'{0x0000000609c53ee0}: com/wxs/code/core/entity/CoreEntityCustomizer> (0x0000000609c53ee0) 
thrown [s\open\src\hotspot\share\classfile\systemDictionary.cpp, line 312]
Event: 33.656 Thread 0x00000219610e8a60 Exception <a 'java/lang/ClassNotFoundException'{0x0000000609c65300}: com/wxs/code/entity/system/SysUserCustomizer> (0x0000000609c65300) 
thrown [s\open\src\hotspot\share\classfile\systemDictionary.cpp, line 312]
Event: 33.688 Thread 0x00000219610e8a60 Exception <a 'java/lang/ClassNotFoundException'{0x0000000609fb0168}: com/wxs/code/entity/system/SysRoleBeanInfo> (0x0000000609fb0168) 
thrown [s\open\src\hotspot\share\classfile\systemDictionary.cpp, line 312]
Event: 33.689 Thread 0x00000219610e8a60 Exception <a 'java/lang/ClassNotFoundException'{0x0000000609fb77a8}: com/wxs/code/entity/system/SysRoleCustomizer> (0x0000000609fb77a8) 
thrown [s\open\src\hotspot\share\classfile\systemDictionary.cpp, line 312]
Event: 33.712 Thread 0x00000219610e8a60 Exception <a 'java/lang/ClassNotFoundException'{0x0000000609afba68}: com/wxs/code/entity/system/SysMenuBeanInfo> (0x0000000609afba68) 
thrown [s\open\src\hotspot\share\classfile\systemDictionary.cpp, line 312]
Event: 33.713 Thread 0x00000219610e8a60 Exception <a 'java/lang/ClassNotFoundException'{0x0000000609b02e58}: com/wxs/code/entity/system/SysMenuCustomizer> (0x0000000609b02e58) 
thrown [s\open\src\hotspot\share\classfile\systemDictionary.cpp, line 312]
Event: 33.750 Thread 0x00000219610e8a60 Exception <a 'java/lang/ClassNotFoundException'{0x0000000609279640}: com/wxs/code/entity/system/SysLogBeanInfo> (0x0000000609279640) 
thrown [s\open\src\hotspot\share\classfile\systemDictionary.cpp, line 312]
Event: 33.751 Thread 0x00000219610e8a60 Exception <a 'java/lang/ClassNotFoundException'{0x00000006092809e8}: com/wxs/code/entity/system/SysLogCustomizer> (0x00000006092809e8) 
thrown [s\open\src\hotspot\share\classfile\systemDictionary.cpp, line 312]
Event: 35.770 Thread 0x00000219610e5c70 Exception <a 'java/lang/ClassNotFoundException'{0x000000060cf83648}: com/wxs/code/entity/biz/StudentBeanInfo> (0x000000060cf83648) 
thrown [s\open\src\hotspot\share\classfile\systemDictionary.cpp, line 312]
Event: 35.772 Thread 0x00000219610e5c70 Exception <a 'java/lang/ClassNotFoundException'{0x000000060cf8ab50}: com/wxs/code/entity/biz/StudentCustomizer> (0x000000060cf8ab50) 
thrown [s\open\src\hotspot\share\classfile\systemDictionary.cpp, line 312]

ZGC Phase Switch (0 events):
No events

VM Operations (20 events):
Event: 65.949 Executing VM operation: get/set locals
Event: 65.949 Executing VM operation: get/set locals done
Event: 65.953 Executing VM operation: get/set locals
Event: 65.953 Executing VM operation: get/set locals done
Event: 65.958 Executing VM operation: get/set locals
Event: 65.958 Executing VM operation: get/set locals done
Event: 65.964 Executing VM operation: get/set locals
Event: 65.964 Executing VM operation: get/set locals done
Event: 65.968 Executing VM operation: get/set locals
Event: 65.968 Executing VM operation: get/set locals done
Event: 65.971 Executing VM operation: get/set locals
Event: 65.971 Executing VM operation: get/set locals done
Event: 65.971 Executing VM operation: get/set locals
Event: 65.971 Executing VM operation: get/set locals done
Event: 65.972 Executing VM operation: get/set locals
Event: 65.972 Executing VM operation: get/set locals done
Event: 65.972 Executing VM operation: get/set locals
Event: 65.972 Executing VM operation: get/set locals done
Event: 68.126 Executing VM operation: ChangeSingleStep
Event: 68.126 Executing VM operation: ChangeSingleStep done

Events (20 events):
Event: 35.714 Thread 0x000002196096ede0 Thread added: 0x000002196096ede0
Event: 35.728 Thread 0x0000021960970920 Thread added: 0x0000021960970920
Event: 35.731 Thread 0x000002196096fb80 Thread added: 0x000002196096fb80
Event: 35.733 Thread 0x000002196096be30 Thread added: 0x000002196096be30
Event: 35.746 Thread 0x0000021960970250 Thread added: 0x0000021960970250
Event: 36.625 Thread 0x000002196096d970 Thread exited: 0x000002196096d970
Event: 36.625 Thread 0x0000021960970250 Thread exited: 0x0000021960970250
Event: 36.625 Thread 0x000002196096be30 Thread exited: 0x000002196096be30
Event: 36.625 Thread 0x000002196096fb80 Thread exited: 0x000002196096fb80
Event: 36.625 Thread 0x0000021960970920 Thread exited: 0x0000021960970920
Event: 36.625 Thread 0x000002196096ede0 Thread exited: 0x000002196096ede0
Event: 36.626 Thread 0x000002196096e040 Thread exited: 0x000002196096e040
Event: 36.646 Thread 0x000002196096be30 Thread added: 0x000002196096be30
Event: 36.652 Thread 0x0000021964c3cef0 Thread added: 0x0000021964c3cef0
Event: 36.652 Thread 0x0000021964c3b4b0 Thread added: 0x0000021964c3b4b0
Event: 38.825 Thread 0x000002196096be30 Thread exited: 0x000002196096be30
Event: 38.825 Thread 0x0000021960973200 Thread exited: 0x0000021960973200
Event: 38.825 Thread 0x00000219609716c0 Thread exited: 0x00000219609716c0
Event: 38.825 Thread 0x0000021960972b30 Thread exited: 0x0000021960972b30
Event: 68.129 Thread 0x000002195d78fae0 Thread exited: 0x000002195d78fae0


Dynamic libraries:
0x00007ff7c2750000 - 0x00007ff7c275e000 	D:\develop\envs\jdk\21\bin\java.exe
0x00007ffbb5e10000 - 0x00007ffbb6008000 	C:\WINDOWS\SYSTEM32\ntdll.dll
0x00007ffbb59a0000 - 0x00007ffbb5a5d000 	C:\WINDOWS\System32\KERNEL32.DLL
0x00007ffbb37e0000 - 0x00007ffbb3ad6000 	C:\WINDOWS\System32\KERNELBASE.dll
0x00007ffbb35a0000 - 0x00007ffbb36a0000 	C:\WINDOWS\System32\ucrtbase.dll
0x00007ffb663c0000 - 0x00007ffb663d8000 	D:\develop\envs\jdk\21\bin\jli.dll
0x00007ffb65d20000 - 0x00007ffb65d3b000 	D:\develop\envs\jdk\21\bin\VCRUNTIME140.dll
0x00007ffbb5a60000 - 0x00007ffbb5bfe000 	C:\WINDOWS\System32\USER32.dll
0x00007ffbb3b80000 - 0x00007ffbb3ba2000 	C:\WINDOWS\System32\win32u.dll
0x00007ffb9c440000 - 0x00007ffb9c6da000 	C:\WINDOWS\WinSxS\amd64_microsoft.windows.common-controls_6595b64144ccf1df_6.0.19041.3636_none_60b6a03d71f818d5\COMCTL32.dll
0x00007ffbb5d10000 - 0x00007ffbb5d3c000 	C:\WINDOWS\System32\GDI32.dll
0x00007ffbb4040000 - 0x00007ffbb40de000 	C:\WINDOWS\System32\msvcrt.dll
0x00007ffbb3d40000 - 0x00007ffbb3e5a000 	C:\WINDOWS\System32\gdi32full.dll
0x00007ffbb3ae0000 - 0x00007ffbb3b7d000 	C:\WINDOWS\System32\msvcp_win.dll
0x00007ffbb5240000 - 0x00007ffbb5270000 	C:\WINDOWS\System32\IMM32.DLL
0x00007ffb8b0d0000 - 0x00007ffb8b0dc000 	D:\develop\envs\jdk\21\bin\vcruntime140_1.dll
0x00007ffb65c90000 - 0x00007ffb65d1e000 	D:\develop\envs\jdk\21\bin\msvcp140.dll
0x00007ffb63ec0000 - 0x00007ffb64bd7000 	D:\develop\envs\jdk\21\bin\server\jvm.dll
0x00007ffbb5180000 - 0x00007ffbb5233000 	C:\WINDOWS\System32\ADVAPI32.dll
0x00007ffbb5c00000 - 0x00007ffbb5c9f000 	C:\WINDOWS\System32\sechost.dll
0x00007ffbb40e0000 - 0x00007ffbb4206000 	C:\WINDOWS\System32\RPCRT4.dll
0x00007ffbb3bb0000 - 0x00007ffbb3bd7000 	C:\WINDOWS\System32\bcrypt.dll
0x00007ffbb5110000 - 0x00007ffbb517b000 	C:\WINDOWS\System32\WS2_32.dll
0x00007ffbac7c0000 - 0x00007ffbac7e7000 	C:\WINDOWS\SYSTEM32\WINMM.dll
0x00007ffbb2d60000 - 0x00007ffbb2dab000 	C:\WINDOWS\SYSTEM32\POWRPROF.dll
0x00007ffba2e50000 - 0x00007ffba2e5a000 	C:\WINDOWS\SYSTEM32\VERSION.dll
0x00007ffbb2c10000 - 0x00007ffbb2c22000 	C:\WINDOWS\SYSTEM32\UMPDC.dll
0x00007ffbb1370000 - 0x00007ffbb1382000 	C:\WINDOWS\SYSTEM32\kernel.appcore.dll
0x00007ffb8a7e0000 - 0x00007ffb8a7ea000 	D:\develop\envs\jdk\21\bin\jimage.dll
0x00007ffb9e280000 - 0x00007ffb9e464000 	C:\WINDOWS\SYSTEM32\DBGHELP.DLL
0x00007ffb94e80000 - 0x00007ffb94eb4000 	C:\WINDOWS\SYSTEM32\dbgcore.DLL
0x00007ffbb36a0000 - 0x00007ffbb3722000 	C:\WINDOWS\System32\bcryptPrimitives.dll
0x00007ffba4290000 - 0x00007ffba42cc000 	D:\develop\envs\jdk\21\bin\jdwp.dll
0x00007ffbae2f0000 - 0x00007ffbae2ff000 	D:\develop\envs\jdk\21\bin\instrument.dll
0x00007ffb6fa30000 - 0x00007ffb6fa4f000 	D:\develop\envs\jdk\21\bin\java.dll
0x00007ffb65c50000 - 0x00007ffb65c68000 	D:\develop\envs\jdk\21\bin\zip.dll
0x00007ffbb49c0000 - 0x00007ffbb5105000 	C:\WINDOWS\System32\SHELL32.dll
0x00007ffbb1570000 - 0x00007ffbb1d0b000 	C:\WINDOWS\SYSTEM32\windows.storage.dll
0x00007ffbb54a0000 - 0x00007ffbb57f4000 	C:\WINDOWS\System32\combase.dll
0x00007ffbb2e30000 - 0x00007ffbb2e5d000 	C:\WINDOWS\SYSTEM32\Wldp.dll
0x00007ffbb5800000 - 0x00007ffbb58ad000 	C:\WINDOWS\System32\SHCORE.dll
0x00007ffbb3e60000 - 0x00007ffbb3eb5000 	C:\WINDOWS\System32\shlwapi.dll
0x00007ffbb3410000 - 0x00007ffbb3435000 	C:\WINDOWS\SYSTEM32\profapi.dll
0x00007ffb65e60000 - 0x00007ffb65f37000 	D:\develop\envs\jdk\21\bin\jsvml.dll
0x00007ffbac770000 - 0x00007ffbac77c000 	D:\develop\envs\jdk\21\bin\dt_socket.dll
0x00007ffbb2850000 - 0x00007ffbb288b000 	C:\WINDOWS\SYSTEM32\IPHLPAPI.DLL
0x00007ffbb2ba0000 - 0x00007ffbb2c0a000 	C:\WINDOWS\system32\mswsock.dll
0x00007ffb8a6e0000 - 0x00007ffb8a6f0000 	D:\develop\envs\jdk\21\bin\net.dll
0x00007ffbae1e0000 - 0x00007ffbae2ea000 	C:\WINDOWS\SYSTEM32\WINHTTP.dll
0x00007ffb65c70000 - 0x00007ffb65c86000 	D:\develop\envs\jdk\21\bin\nio.dll
0x00007ffba8d30000 - 0x00007ffba8d3e000 	D:\develop\envs\jdk\21\bin\sunmscapi.dll
0x00007ffbb3be0000 - 0x00007ffbb3d3d000 	C:\WINDOWS\System32\CRYPT32.dll
0x00007ffbb2f00000 - 0x00007ffbb2f28000 	C:\WINDOWS\SYSTEM32\ncrypt.dll
0x00007ffbb2eb0000 - 0x00007ffbb2eeb000 	C:\WINDOWS\SYSTEM32\NTASN1.dll
0x0000000180000000 - 0x000000018020e000 	C:\Windows\System32\tcnative-1.dll
0x00007ffbb5990000 - 0x00007ffbb5998000 	C:\WINDOWS\System32\PSAPI.DLL
0x00007ffbb2e70000 - 0x00007ffbb2e88000 	C:\WINDOWS\SYSTEM32\CRYPTSP.dll
0x00007ffbb2490000 - 0x00007ffbb24c4000 	C:\WINDOWS\system32\rsaenh.dll
0x00007ffbb33d0000 - 0x00007ffbb33fe000 	C:\WINDOWS\SYSTEM32\USERENV.dll
0x00007ffbb2d50000 - 0x00007ffbb2d5c000 	C:\WINDOWS\SYSTEM32\CRYPTBASE.dll
0x00007ffbb4890000 - 0x00007ffbb4898000 	C:\WINDOWS\System32\NSI.dll
0x00007ffbacd40000 - 0x00007ffbacd4a000 	D:\develop\envs\jdk\21\bin\management.dll
0x00007ffbacb20000 - 0x00007ffbacb2b000 	D:\develop\envs\jdk\21\bin\management_ext.dll
0x00007ffb96cd0000 - 0x00007ffb96ce7000 	C:\WINDOWS\system32\napinsp.dll
0x00007ffb96c80000 - 0x00007ffb96c9b000 	C:\WINDOWS\system32\pnrpnsp.dll
0x00007ffb96c30000 - 0x00007ffb96c45000 	C:\WINDOWS\system32\wshbth.dll
0x00007ffbaee30000 - 0x00007ffbaee4d000 	C:\WINDOWS\system32\NLAapi.dll
0x00007ffbb2890000 - 0x00007ffbb295a000 	C:\WINDOWS\SYSTEM32\DNSAPI.dll
0x00007ffb96ab0000 - 0x00007ffb96ac2000 	C:\WINDOWS\System32\winrnr.dll
0x00007ffbadb50000 - 0x00007ffbadb5a000 	C:\Windows\System32\rasadhlp.dll
0x00007ffbacc90000 - 0x00007ffbacd10000 	C:\WINDOWS\System32\fwpuclnt.dll
0x00007ffb8c6a0000 - 0x00007ffb8c6a7000 	C:\WINDOWS\system32\wshunix.dll
0x00007ffb898b0000 - 0x00007ffb898b9000 	D:\develop\envs\jdk\21\bin\extnet.dll
0x00007ffbadf80000 - 0x00007ffbadf97000 	C:\WINDOWS\SYSTEM32\dhcpcsvc6.DLL
0x00007ffbadd30000 - 0x00007ffbadd4d000 	C:\WINDOWS\SYSTEM32\dhcpcsvc.DLL

dbghelp: loaded successfully - version: 4.0.5 - missing functions: none
symbol engine: initialized successfully - sym options: 0x614 - pdb path: .;D:\develop\envs\jdk\21\bin;C:\WINDOWS\SYSTEM32;C:\WINDOWS\WinSxS\amd64_microsoft.windows.common-controls_6595b64144ccf1df_6.0.19041.3636_none_60b6a03d71f818d5;D:\develop\envs\jdk\21\bin\server

VM Arguments:
jvm_args: -agentlib:jdwp=transport=dt_socket,address=127.0.0.1:9866,suspend=y,server=n -Dspring.output.ansi.enabled=always -javaagent:D:\develop\tools\idea230302\plugins\java\lib\rt\debugger-agent.jar=file:/C:/Users/code/AppData/Local/Temp/capture.props -Dfile.encoding=UTF-8 -Dsun.stdout.encoding=UTF-8 -Dsun.stderr.encoding=UTF-8 
java_command: com.wxs.code.AppStarterApplication
java_class_path (initial): D:\code\git\app-server\app-starter\target\classes;D:\code\git\app-server\app-biz\target\classes;D:\code\git\app-server\app-core\target\classes;D:\develop\envs\mavenLibs\org\springframework\boot\spring-boot-starter-web\3.2.3\spring-boot-starter-web-3.2.3.jar;D:\develop\envs\mavenLibs\org\springframework\boot\spring-boot-starter-json\3.2.3\spring-boot-starter-json-3.2.3.jar;D:\develop\envs\mavenLibs\com\fasterxml\jackson\datatype\jackson-datatype-jdk8\2.15.4\jackson-datatype-jdk8-2.15.4.jar;D:\develop\envs\mavenLibs\com\fasterxml\jackson\datatype\jackson-datatype-jsr310\2.15.4\jackson-datatype-jsr310-2.15.4.jar;D:\develop\envs\mavenLibs\com\fasterxml\jackson\module\jackson-module-parameter-names\2.15.4\jackson-module-parameter-names-2.15.4.jar;D:\develop\envs\mavenLibs\org\springframework\boot\spring-boot-starter-tomcat\3.2.3\spring-boot-starter-tomcat-3.2.3.jar;D:\develop\envs\mavenLibs\org\apache\tomcat\embed\tomcat-embed-core\10.1.19\tomcat-embed-core-10.1.19.jar;D:\develop\envs\mavenLibs\org\apache\tomcat\embed\tomcat-embed-websocket\10.1.19\tomcat-embed-websocket-10.1.19.jar;D:\develop\envs\mavenLibs\org\springframework\spring-web\6.1.6\spring-web-6.1.6.jar;D:\develop\envs\mavenLibs\org\springframework\spring-beans\6.1.6\spring-beans-6.1.6.jar;D:\develop\envs\mavenLibs\io\micrometer\micrometer-observation\1.12.5\micrometer-observation-1.12.5.jar;D:\develop\envs\mavenLibs\io\micrometer\micrometer-commons\1.12.5\micrometer-commons-1.12.5.jar;D:\develop\envs\mavenLibs\org\springframework\spring-webmvc\6.1.6\spring-webmvc-6.1.6.jar;D:\develop\envs\mavenLibs\org\springframework\spring-expression\6.1.6\spring-expression-6.1.6.jar;D:\develop\envs\mavenLibs\org\slf4j\slf4j-api\2.0.12\slf4j-api-2.0.12.jar;D:\develop\envs\mavenLibs\ch\qos\logback\logback-core\1.4.14\logback-core-1.4.14.jar;D:\develop\envs\mavenLibs\ch\qos\logback\logback-classic\1.4.14\logback-classic-1.4.14.jar;D:\develop\envs\mavenLibs\com\baomidou\mybatis-plus-boot-starter\3.5.5\mybatis-plus-boot-starter-3.5.5.jar;D:\develop\envs\mavenLibs\com\baomidou\mybatis-plus\3.5.5\mybatis-plus-3.5.5.jar;D:\develop\envs\mavenLibs\com\baomidou\mybatis-plus-core\3.5.5\mybatis-plus-core-3.5.5.jar;D:\develop\envs\mavenLibs\com\baomidou\mybatis-plus-annotation\3.5.5\mybatis-plus-annotation-3.5.5.jar;D:\develop\envs\mavenLibs\com\baomidou\mybatis-plus-extension\3.5.5\mybatis-plus-extension-3.5.5.jar;D:\develop\envs\mavenLibs\org\mybatis\mybatis\3.5.15\mybatis-3.5.15.jar;D:\develop\envs\mavenLibs\com\github\jsqlparser\jsqlparser\4.6\jsqlparser-4.6.jar;D:\develop\envs\mavenLibs\com\baomidou\mybatis-plus-spring-boot-autoconfigure\3.5.5\mybatis-plus-spring-boot-autoconfigure-3.5.5.jar;D:\develop\envs\mavenLibs\org\springframework\boot\spring-boot-starter-jdbc\3.2.3\spring-boot-starter-jdbc-3.2.3.jar;D:\develop\envs\mavenLibs\com\zaxxer\HikariCP\5.0.1\HikariCP-5.0.1.jar;D:\develop\envs\mavenLibs\org\springframework\spring-jdbc\6.1.6\spring-jdbc-6.1.6.jar;D:\develop\envs\mavenLibs\org\springframework\spring-tx\6.1.6\spring-tx-6.1.6.jar;D:\develop\envs\mavenLibs\org\mybatis\mybatis-spring\3.0.3\mybatis-spring-3.0.3.jar;D:\develop\envs\mavenLibs\com\mysql\mysql-connector-j\8.3.0\mysql-connector-j-8.3.0.jar;D:\develop\envs\mavenLibs\com\alibaba\druid-spring-boot-starter\1.2.19\druid-spring-boot-starter-1.2.19.jar;D:\develop\envs\mavenLibs\com\alibaba\druid\1.2.19\druid-1.2.19.jar;D:\develop\envs\mavenLibs\org\glassfish\jaxb\jaxb-runtime\4.0.5\jaxb-runtime-4.0.5.jar;D:\develop\envs\mavenLibs\org\glassfish\jaxb\jaxb-core\4.0.5\jaxb-core-4.0.5.jar;D:\develop\envs\mavenLibs\org\eclipse\angus\angus-activation\2.0.2\angus-activation-2.0.2.jar;D:\develop\envs\mavenLibs\org\glassfish\jaxb\txw2\4.0.5\txw2-4.0.5.jar;D:\develop\envs\mavenLibs\com\sun\istack\istack-commons-runtime\4.1.2\istack-commons-runtime-4.1.2.jar;D:\develop\envs\mavenLibs\com\github\xiaoymin\knife4j-openapi3-jakarta-spring-boot-starter\4.5.0\knife4j-openapi3-jakarta-spring-boot-starter-4.5.0.jar;D:\develop\envs\mavenLibs\com\github\xiaoymin\knife4j-core\4.5.0\knife4j-core-4.5.0.jar;D:\develop\envs\mavenLibs\com\github\xiaoymin\knife4j-openapi3-ui\4.5.0\knife4j-openapi3-ui-4.5.0.jar;D:\develop\envs\mavenLibs\org\springdoc\springdoc-openapi-starter-webmvc-ui\2.3.0\springdoc-openapi-starter-webmvc-ui-2.3.0.jar;D:\develop\envs\mavenLibs\org\springdoc\springdoc-openapi-starter-webmvc-api\2.3.0\springdoc-openapi-starter-webmvc-api-2.3.0.jar;D:\develop\envs\mavenLibs\org\springdoc\springdoc-openapi-starter-common\2.3.0\springdoc-openapi-starter-common-2.3.0.jar;D:\develop\envs\mavenLibs\io\swagger\core\v3\swagger-core-jakarta\2.2.19\swagger-core-jakarta-2.2.19.jar;D:\develop\envs\mavenLibs\org\apache\commons\commons-lang3\3.13.0\commons-lang3-3.13.0.jar;D:\develop\envs\mavenLibs\io\swagger\core\v3\swagger-annotations-jakarta\2.2.19\swagger-annotations-jakarta-2.2.19.jar;D:\develop\envs\mavenLibs\io\swagger\core\v3\swagger-models-jakarta\2.2.19\swagger-models-jakarta-2.2.19.jar;D:\develop\envs\mavenLibs\org\webjars\swagger-ui\5.10.3\swagger-ui-5.10.3.jar;D:\develop\envs\mavenLibs\org\springframework\boot\spring-boot-starter-validation\3.2.4\spring-boot-starter-validation-3.2.4.jar;D:\develop\envs\mavenLibs\org\apache\tomcat\embed\tomcat-embed-el\10.1.19\tomcat-embed-el-10.1.19.jar;D:\develop\envs\mavenLibs\org\hibernate\validator\hibernate-validator\8.0.1.Final\hibernate-validator-8.0.1.Final.jar;D:\develop\envs\mavenLibs\jakarta\validation\jakarta.validation-api\3.0.2\jakarta.validation-api-3.0.2.jar;D:\develop\envs\mavenLibs\org\jboss\logging\jboss-logging\3.5.3.Final\jboss-logging-3.5.3.Final.jar;D:\develop\envs\mavenLibs\com\fasterxml\classmate\1.6.0\classmate-1.6.0.jar;D:\develop\envs\mavenLibs\org\projectlombok\lombok\1.18.30\lombok-1.18.30.jar;D:\develop\envs\mavenLibs\org\dromara\hutool\hutool-all\6.0.0-M11\hutool-all-6.0.0-M11.jar;D:\develop\envs\mavenLibs\com\auth0\java-jwt\4.4.0\java-jwt-4.4.0.jar;D:\develop\envs\mavenLibs\com\fasterxml\jackson\core\jackson-databind\2.15.4\jackson-databind-2.15.4.jar;D:\develop\envs\mavenLibs\com\fasterxml\jackson\core\jackson-annotations\2.15.4\jackson-annotations-2.15.4.jar;D:\develop\envs\mavenLibs\com\fasterxml\jackson\core\jackson-core\2.15.4\jackson-core-2.15.4.jar;D:\develop\envs\mavenLibs\org\redisson\redisson-spring-boot-starter\3.27.2\redisson-spring-boot-starter-3.27.2.jar;D:\develop\envs\mavenLibs\org\springframework\boot\spring-boot-starter-actuator\3.2.3\spring-boot-starter-actuator-3.2.3.jar;D:\develop\envs\mavenLibs\org\springframework\boot\spring-boot-actuator-autoconfigure\3.2.3\spring-boot-actuator-autoconfigure-3.2.3.jar;D:\develop\envs\mavenLibs\org\springframework\boot\spring-boot-actuator\3.2.3\spring-boot-actuator-3.2.3.jar;D:\develop\envs\mavenLibs\io\micrometer\micrometer-jakarta9\1.12.5\micrometer-jakarta9-1.12.5.jar;D:\develop\envs\mavenLibs\io\micrometer\micrometer-core\1.12.5\micrometer-core-1.12.5.jar;D:\develop\envs\mavenLibs\org\hdrhistogram\HdrHistogram\2.1.12\HdrHistogram-2.1.12.jar;D:\develop\envs\mavenLibs\org\latencyutils\LatencyUtils\2.0.3\LatencyUtils-2.0.3.jar;D:\develop\envs\mavenLibs\org\springframework\boot\spring-boot-starter-data-redis\3.2.3\spring-boot-starter-data-redis-3.2.3.jar;D:\develop\envs\mavenLibs\org\springframework\data\spring-data-redis\3.2.5\spring-data-redis-3.2.5.jar;D:\develop\envs\mavenLibs\org\springframework\data\spring-data-keyvalue\3.2.5\spring-data-keyvalue-3.2.5.jar;D:\develop\envs\mavenLibs\org\springframework\data\spring-data-commons\3.2.5\spring-data-commons-3.2.5.jar;D:\develop\envs\mavenLibs\org\springframework\spring-oxm\6.1.6\spring-oxm-6.1.6.jar;D:\develop\envs\mavenLibs\org\springframework\spring-context-support\6.1.6\spring-context-support-6.1.6.jar;D:\develop\envs\mavenLibs\org\redisson\redisson\3.27.2\redisson-3.27.2.jar;D:\develop\envs\mavenLibs\io\netty\netty-common\4.1.109.Final\netty-common-4.1.109.Final.jar;D:\develop\envs\mavenLibs\io\netty\netty-codec\4.1.109.Final\netty-codec-4.1.109.Final.jar;D:\develop\envs\mavenLibs\io\netty\netty-buffer\4.1.109.Final\netty-buffer-4.1.109.Final.jar;D:\develop\envs\mavenLibs\io\netty\netty-transport\4.1.109.Final\netty-transport-4.1.109.Final.jar;D:\develop\envs\mavenLibs\io\netty\netty-resolver\4.1.109.Final\netty-resolver-4.1.109.Final.jar;D:\develop\envs\mavenLibs\io\netty\netty-resolver-dns\4.1.109.Final\netty-resolver-dns-4.1.109.Final.jar;D:\develop\envs\mavenLibs\io\netty\netty-codec-dns\4.1.109.Final\netty-codec-dns-4.1.109.Final.jar;D:\develop\envs\mavenLibs\io\netty\netty-handler\4.1.109.Final\netty-handler-4.1.109.Final.jar;D:\develop\envs\mavenLibs\io\netty\netty-transport-native-unix-common\4.1.109.Final\netty-transport-native-unix-common-4.1.109.Final.jar;D:\develop\envs\mavenLibs\javax\cache\cache-api\1.1.1\cache-api-1.1.1.jar;D:\develop\envs\mavenLibs\io\projectreactor\reactor-core\3.6.5\reactor-core-3.6.5.jar;D:\develop\envs\mavenLibs\org\reactivestreams\reactive-streams\1.0.4\reactive-streams-1.0.4.jar;D:\develop\envs\mavenLibs\io\reactivex\rxjava3\rxjava\3.1.8\rxjava-3.1.8.jar;D:\develop\envs\mavenLibs\org\jboss\marshalling\jboss-marshalling\2.0.11.Final\jboss-marshalling-2.0.11.Final.jar;D:\develop\envs\mavenLibs\org\jboss\marshalling\jboss-marshalling-river\2.0.11.Final\jboss-marshalling-river-2.0.11.Final.jar;D:\develop\envs\mavenLibs\com\esotericsoftware\kryo\5.6.0\kryo-5.6.0.jar;D:\develop\envs\mavenLibs\com\esotericsoftware\reflectasm\1.11.9\reflectasm-1.11.9.jar;D:\develop\envs\mavenLibs\com\esotericsoftware\minlog\1.3.1\minlog-1.3.1.jar;D:\develop\envs\mavenLibs\com\fasterxml\jackson\dataformat\jackson-dataformat-yaml\2.15.4\jackson-dataformat-yaml-2.15.4.jar;D:\develop\envs\mavenLibs\org\jodd\jodd-bean\5.1.6\jodd-bean-5.1.6.jar;D:\develop\envs\mavenLibs\org\jodd\jodd-core\5.1.6\jodd-core-5.1.6.jar;D:\develop\envs\mavenLibs\org\redisson\redisson-spring-data-32\3.27.2\redisson-spring-data-32-3.27.2.jar;D:\develop\envs\mavenLibs\org\springframework\boot\spring-boot-starter-aop\3.2.5\spring-boot-starter-aop-3.2.5.jar;D:\develop\envs\mavenLibs\org\springframework\spring-aop\6.1.6\spring-aop-6.1.6.jar;D:\develop\envs\mavenLibs\org\aspectj\aspectjweaver\1.9.21\aspectjweaver-1.9.21.jar;D:\develop\envs\mavenLibs\com\jfinal\enjoy\5.1.3\enjoy-5.1.3.jar;D:\code\git\app-server\app-entity\target\classes;D:\code\git\app-server\app-system\target\classes;D:\code\git\app-server\app-h5\target\classes;D:\code\git\app-server\app-API\target\classes;D:\develop\envs\mavenLibs\org\springframework\boot\spring-boot-starter\3.2.3\spring-boot-starter-3.2.3.jar;D:\develop\envs\mavenLibs\org\springframework\boot\spring-boot\3.2.3\spring-boot-3.2.3.jar;D:\develop\envs\mavenLibs\org\springframework\spring-context\6.1.6\spring-context-6.1.6.jar;D:\develop\envs\mavenLibs\org\springframework\boot\spring-boot-autoconfigure\3.2.3\spring-boot-autoconfigure-3.2.3.jar;D:\develop\envs\mavenLibs\org\springframework\boot\spring-boot-starter-logging\3.2.3\spring-boot-starter-logging-3.2.3.jar;D:\develop\envs\mavenLibs\org\apache\logging\log4j\log4j-to-slf4j\2.21.1\log4j-to-slf4j-2.21.1.jar;D:\develop\envs\mavenLibs\org\apache\logging\log4j\log4j-api\2.21.1\log4j-api-2.21.1.jar;D:\develop\envs\mavenLibs\org\slf4j\jul-to-slf4j\2.0.12\jul-to-slf4j-2.0.12.jar;D:\develop\envs\mavenLibs\jakarta\annotation\jakarta.annotation-api\2.1.1\jakarta.annotation-api-2.1.1.jar;D:\develop\envs\mavenLibs\org\yaml\snakeyaml\2.2\snakeyaml-2.2.jar;D:\develop\envs\mavenLibs\jakarta\xml\bind\jakarta.xml.bind-api\4.0.1\jakarta.xml.bind-api-4.0.1.jar;D:\develop\envs\mavenLibs\jakarta\activation\jakarta.activation-api\2.1.2\jakarta.activation-api-2.1.2.jar;D:\develop\envs\mavenLibs\net\bytebuddy\byte-buddy\1.14.12\byte-buddy-1.14.12.jar;D:\develop\envs\mavenLibs\org\objenesis\objenesis\3.3\objenesis-3.3.jar;D:\develop\envs\mavenLibs\org\springframework\spring-core\6.1.6\spring-core-6.1.6.jar;D:\develop\envs\mavenLibs\org\springframework\spring-jcl\6.1.6\spring-jcl-6.1.6.jar;D:\develop\tools\idea230302\lib\idea_rt.jar
Launcher Type: SUN_STANDARD

[Global flags]
     intx CICompilerCount                          = 12                                        {product} {ergonomic}
     uint ConcGCThreads                            = 5                                         {product} {ergonomic}
     uint G1ConcRefinementThreads                  = 18                                        {product} {ergonomic}
   size_t G1HeapRegionSize                         = 4194304                                   {product} {ergonomic}
    uintx GCDrainStackTargetSize                   = 64                                        {product} {ergonomic}
   size_t InitialHeapSize                          = 532676608                                 {product} {ergonomic}
   size_t MarkStackSize                            = 4194304                                   {product} {ergonomic}
   size_t MaxHeapSize                              = 8522825728                                {product} {ergonomic}
   size_t MaxNewSize                               = 5112856576                                {product} {ergonomic}
   size_t MinHeapDeltaBytes                        = 4194304                                   {product} {ergonomic}
   size_t MinHeapSize                              = 8388608                                   {product} {ergonomic}
    uintx NonNMethodCodeHeapSize                   = 7602480                                {pd product} {ergonomic}
    uintx NonProfiledCodeHeapSize                  = 122027880                              {pd product} {ergonomic}
    uintx ProfiledCodeHeapSize                     = 122027880                              {pd product} {ergonomic}
    uintx ReservedCodeCacheSize                    = 251658240                              {pd product} {ergonomic}
     bool SegmentedCodeCache                       = true                                      {product} {ergonomic}
   size_t SoftMaxHeapSize                          = 8522825728                             {manageable} {ergonomic}
     bool UseCompressedOops                        = true                           {product lp64_product} {ergonomic}
     bool UseG1GC                                  = true                                      {product} {ergonomic}
     bool UseLargePagesIndividualAllocation        = false                                  {pd product} {ergonomic}

Logging:
Log output configuration:
 #0: stdout all=warning uptime,level,tags foldmultilines=false
 #1: stderr all=off uptime,level,tags foldmultilines=false

Environment Variables:
JAVA_HOME=D:\develop\envs\jdk\graalvm-jdk-21.0.2
PATH=D:\develop\tools\vmware\bin\;C:\WINDOWS\system32;C:\WINDOWS;C:\WINDOWS\System32\Wbem;C:\WINDOWS\System32\WindowsPowerShell\v1.0\;C:\WINDOWS\System32\OpenSSH\;D:\develop\envs\jdk\graalvm-jdk-21.0.2\bin;D:\develop\tools\Git\cmd;C:\Program Files\dotnet\;C:\Program Files (x86)\NetSarang\Xshell 7\;C:\Program Files (x86)\NetSarang\Xftp 7\;C:\Program Files\Cloudflare\Cloudflare WARP\;C:\Program Files\WireGuard\;D:\develop\envs\nvm;D:\develop\envs\nvm\nodejs;D:\develop\tools\ffmpeg\bin;C:\Users\code\AppData\Local\Microsoft\WindowsApps;D:\develop\envs\nvm;D:\develop\envs\nvm\nodejs;C:\Users\code\AppData\Local\Programs\Microsoft VS Code\bin
USERNAME=code
OS=Windows_NT
PROCESSOR_IDENTIFIER=Intel64 Family 6 Model 183 Stepping 1, GenuineIntel
TMP=C:\Users\code\AppData\Local\Temp
TEMP=C:\Users\code\AppData\Local\Temp




Periodic native trim disabled

---------------  S Y S T E M  ---------------

OS:
 Windows 10 , 64 bit Build 19041 (10.0.19041.3636)
OS uptime: 2 days 1:13 hours
Hyper-V role detected

CPU: total 24 (initial active 24) (12 cores per cpu, 2 threads per core) family 6 model 183 stepping 1 microcode 0x10e, cx8, cmov, fxsr, ht, mmx, 3dnowpref, sse, sse2, sse3, ssse3, sse4.1, sse4.2, popcnt, lzcnt, tsc, tscinvbit, avx, avx2, aes, erms, clmul, bmi1, bmi2, adx, sha, fma, vzeroupper, clflush, clflushopt, clwb, hv, rdtscp, rdpid, fsrm, f16c, cet_ibt, cet_ss
Processor Information for all 24 processors :
  Max Mhz: 2100, Current Mhz: 2100, Mhz Limit: 2100

Memory: 4k page, system-wide physical 32509M (12668M free)
TotalPageFile size 46845M (AvailPageFile size 31570M)
current process WorkingSet (physical memory assigned to process): 466M, peak: 658M
current process commit charge ("private bytes"): 532M, peak: 834M

vm_info: OpenJDK 64-Bit Server VM (21.0.2+13-58) for windows-amd64 JRE (21.0.2+13-58), built on 2024-01-05T18:32:24Z by "mach5one" with MS VC++ 17.1 (VS2022)

END.
